2024-03-29 15:35:11,523 [INFO] Activator:176 - 


2024-03-29 15:35:11,525 [INFO] Activator:177 - !SESSION log4j initialized
2024-03-29 15:35:14,341 [INFO] LogOutputStream:77 - [STDOUT_REDIRECT] 
2024-03-29 15:35:18,806 [INFO] ApplicationProperties:184 - Using Application install path: /home/sunbeam/st/stm32cubeide_1.15.0/plugins/com.st.stm32cube.common.mx_6.11.0.202403141607
2024-03-29 15:35:18,831 [INFO] DbMcusXml:78 - Set database path to: /home/sunbeam/st/stm32cubeide_1.15.0/plugins/com.st.stm32cube.common.mx_6.11.0.202403141607//db//mcu/
2024-03-29 15:35:18,832 [INFO] ApiDb:274 - Set plugin database path to: /home/sunbeam/st/stm32cubeide_1.15.0/plugins/com.st.stm32cube.common.mx_6.11.0.202403141607//db//plugins/boardmanager/
2024-03-29 15:35:18,832 [WARN] ApiDb:259 - Overriding images path with different value:  => /home/sunbeam/st/stm32cubeide_1.15.0/plugins/com.st.stm32cube.common.mx_6.11.0.202403141607//db//plugins/mcufinder/images/
2024-03-29 15:35:18,838 [INFO] ApiDb:250 - Set database path to: /home/sunbeam/.stmcufinder/plugins/mcufinder//mcu/
2024-03-29 15:35:18,840 [INFO] DbMcusAds:125 - Set database path to: /home/sunbeam/.stmcufinder/plugins/mcufinder//mcu/
2024-03-29 15:35:18,843 [INFO] CrossReferenceDbSqlite:203 - Set database path to: /home/sunbeam/.stmcufinder/plugins/mcufinder//mcu/cs/
2024-03-29 15:35:19,031 [INFO] RulesReader:64 - Compatibility file has been processed (297 Rules)
2024-03-29 15:35:19,124 [INFO] DbMcusXml:78 - Set database path to: /home/sunbeam/st/stm32cubeide_1.15.0/plugins/com.st.stm32cube.common.mx_6.11.0.202403141607//db//mcu/
2024-03-29 15:35:19,125 [INFO] ApiDb:274 - Set plugin database path to: /home/sunbeam/st/stm32cubeide_1.15.0/plugins/com.st.stm32cube.common.mx_6.11.0.202403141607//db//plugins/boardmanager/
2024-03-29 15:35:19,125 [INFO] ApiDb:261 - Set plugin images path to: /home/sunbeam/st/stm32cubeide_1.15.0/plugins/com.st.stm32cube.common.mx_6.11.0.202403141607//db//plugins/mcufinder/images/
2024-03-29 15:35:19,125 [WARN] DbFile:41 - Overriding database path with different value: /home/sunbeam/.stmcufinder/plugins/mcufinder/ => /home/sunbeam/.stmcufinder/plugins/mcufinder
2024-03-29 15:35:19,126 [INFO] ApiDb:250 - Set database path to: /home/sunbeam/.stmcufinder/plugins/mcufinder//mcu/
2024-03-29 15:35:19,126 [WARN] DbFile:41 - Overriding database path with different value: /home/sunbeam/.stmcufinder/plugins/mcufinder/ => /home/sunbeam/.stmcufinder/plugins/mcufinder
2024-03-29 15:35:19,126 [INFO] DbMcusAds:125 - Set database path to: /home/sunbeam/.stmcufinder/plugins/mcufinder//mcu/
2024-03-29 15:35:19,126 [WARN] DbFile:41 - Overriding database path with different value: /home/sunbeam/.stmcufinder/plugins/mcufinder/ => /home/sunbeam/.stmcufinder/plugins/mcufinder
2024-03-29 15:35:19,126 [WARN] DbFile:41 - Overriding database path with different value: /home/sunbeam/.stmcufinder/plugins/mcufinder/ => /home/sunbeam/.stmcufinder/plugins/mcufinder
2024-03-29 15:35:19,127 [INFO] CrossReferenceDbSqlite:203 - Set database path to: /home/sunbeam/.stmcufinder/plugins/mcufinder//mcu/cs/
2024-03-29 15:35:19,242 [INFO] MainPanel:264 - HeapMemory: 268435456
2024-03-29 15:35:19,383 [INFO] DbMcusXml:78 - Set database path to: /home/sunbeam/st/stm32cubeide_1.15.0/plugins/com.st.stm32cube.common.mx_6.11.0.202403141607//db//mcu/
2024-03-29 15:35:19,383 [INFO] ApiDb:274 - Set plugin database path to: /home/sunbeam/st/stm32cubeide_1.15.0/plugins/com.st.stm32cube.common.mx_6.11.0.202403141607//db//plugins/boardmanager/
2024-03-29 15:35:19,383 [INFO] ApiDb:261 - Set plugin images path to: /home/sunbeam/st/stm32cubeide_1.15.0/plugins/com.st.stm32cube.common.mx_6.11.0.202403141607//db//plugins/mcufinder/images/
2024-03-29 15:35:19,384 [WARN] DbFile:41 - Overriding database path with different value: /home/sunbeam/.stmcufinder/plugins/mcufinder/ => /home/sunbeam/.stmcufinder/plugins/mcufinder
2024-03-29 15:35:19,384 [INFO] ApiDb:250 - Set database path to: /home/sunbeam/.stmcufinder/plugins/mcufinder//mcu/
2024-03-29 15:35:19,384 [WARN] DbFile:41 - Overriding database path with different value: /home/sunbeam/.stmcufinder/plugins/mcufinder/ => /home/sunbeam/.stmcufinder/plugins/mcufinder
2024-03-29 15:35:19,385 [INFO] DbMcusAds:125 - Set database path to: /home/sunbeam/.stmcufinder/plugins/mcufinder//mcu/
2024-03-29 15:35:19,385 [WARN] DbFile:41 - Overriding database path with different value: /home/sunbeam/.stmcufinder/plugins/mcufinder/ => /home/sunbeam/.stmcufinder/plugins/mcufinder
2024-03-29 15:35:19,385 [WARN] DbFile:41 - Overriding database path with different value: /home/sunbeam/.stmcufinder/plugins/mcufinder/ => /home/sunbeam/.stmcufinder/plugins/mcufinder
2024-03-29 15:35:19,385 [INFO] CrossReferenceDbSqlite:203 - Set database path to: /home/sunbeam/.stmcufinder/plugins/mcufinder//mcu/cs/
2024-03-29 15:35:19,409 [INFO] ApplicationProperties:184 - Using Application install path: /home/sunbeam/st/stm32cubeide_1.15.0/plugins/com.st.stm32cube.common.mx_6.11.0.202403141607
2024-03-29 15:35:19,412 [INFO] PluginManage:196 - Search for loadable plugins [exclusion list=, ]
2024-03-29 15:35:19,414 [INFO] PluginManage:310 - Check plugin analytics
2024-03-29 15:35:19,817 [INFO] AnalyticsPlugin:253 - Accepted Software Licenses: 
2024-03-29 15:35:19,819 [INFO] AnalyticsPlugin:255 - Accepted CMSIS Pack Licenses: 
2024-03-29 15:35:19,820 [INFO] AnalyticsPlugin:257 - Accepted Firmware Licenses: 
2024-03-29 15:35:19,826 [INFO] PluginManage:359 - Loaded plugin analytics (category:tool,tabindex:-1)
2024-03-29 15:35:19,826 [INFO] PluginManage:310 - Check plugin cadmodel
2024-03-29 15:35:19,862 [INFO] CADModel:105 - Init CAD model plugin
2024-03-29 15:35:19,862 [INFO] PluginManage:359 - Loaded plugin cadmodel (category:power,tabindex:5)
2024-03-29 15:35:19,863 [INFO] PluginManage:310 - Check plugin clock
2024-03-29 15:35:19,883 [INFO] PluginManage:359 - Loaded plugin clock (category:base,tabindex:2)
2024-03-29 15:35:19,883 [INFO] PluginManage:310 - Check plugin ddr
2024-03-29 15:35:19,888 [INFO] PluginManage:359 - Loaded plugin ddr (category:tool,tabindex:6)
2024-03-29 15:35:19,888 [INFO] PluginManage:310 - Check plugin filemanager
2024-03-29 15:35:20,181 [INFO] PluginManage:359 - Loaded plugin filemanager (category:base,tabindex:10)
2024-03-29 15:35:20,182 [INFO] PluginManage:310 - Check plugin ipmanager
2024-03-29 15:35:20,189 [INFO] PluginManage:359 - Loaded plugin ipmanager (category:base,tabindex:5)
2024-03-29 15:35:20,189 [INFO] PluginManage:310 - Check plugin lpbam
2024-03-29 15:35:20,205 [INFO] PluginManage:359 - Loaded plugin lpbam (category:base,tabindex:0)
2024-03-29 15:35:20,205 [INFO] PluginManage:310 - Check plugin memorymap
2024-03-29 15:35:20,224 [INFO] PluginManage:359 - Loaded plugin memorymap (category:base,tabindex:4)
2024-03-29 15:35:20,224 [INFO] PluginManage:310 - Check plugin pinoutandconfiguration
2024-03-29 15:35:20,235 [INFO] PluginManage:359 - Loaded plugin pinoutandconfiguration (category:base,tabindex:1)
2024-03-29 15:35:20,235 [INFO] PluginManage:310 - Check plugin pinoutconfig
2024-03-29 15:35:20,393 [WARN] SupportedApi:132 - Cannot load RTOS API schema: s4s-elt-must-match.1: The content of 'definitions' must match (annotation?, (simpleType | complexType)?, (unique | key | keyref)*)). A problem was found starting at: attribute.
2024-03-29 15:35:20,690 [INFO] PluginManage:359 - Loaded plugin pinoutconfig (category:base,tabindex:0)
2024-03-29 15:35:20,691 [INFO] PluginManage:310 - Check plugin power
2024-03-29 15:35:20,709 [INFO] PluginManage:359 - Loaded plugin power (category:power,tabindex:4)
2024-03-29 15:35:20,709 [INFO] PluginManage:310 - Check plugin projectmanager
2024-03-29 15:35:20,751 [INFO] PluginManage:359 - Loaded plugin projectmanager (category:projectmanager,tabindex:3)
2024-03-29 15:35:20,751 [INFO] PluginManage:310 - Check plugin thirdparty
2024-03-29 15:35:21,014 [INFO] PluginManage:359 - Loaded plugin thirdparty (category:base,tabindex:-1)
2024-03-29 15:35:21,014 [INFO] PluginManage:310 - Check plugin tools
2024-03-29 15:35:21,018 [INFO] PluginManage:359 - Loaded plugin tools (category:base,tabindex:7)
2024-03-29 15:35:21,018 [INFO] PluginManage:310 - Check plugin tutovideos
2024-03-29 15:35:21,020 [WARN] IntegrityCheckThread:84 - waiting for thirdparty lock release [integrity check]
2024-03-29 15:35:21,022 [INFO] IntegrityCheckThread:86 - entering critical section [integrity check]
2024-03-29 15:35:21,023 [INFO] ThirdPartyUpdaterWithRetryManager:70 - Updater plugin not ready yet. [1/15]
2024-03-29 15:35:21,290 [INFO] PluginManage:359 - Loaded plugin tutovideos (category:base,tabindex:-1)
2024-03-29 15:35:21,290 [INFO] PluginManage:310 - Check plugin updater
2024-03-29 15:35:21,310 [INFO] PluginManage:359 - Loaded plugin updater (category:base,tabindex:12)
2024-03-29 15:35:21,310 [INFO] PluginManage:310 - Check plugin userauth
2024-03-29 15:35:21,320 [INFO] UserAuth:114 - Init User Auth plugin
2024-03-29 15:35:21,320 [INFO] PluginManage:359 - Loaded plugin userauth (category:base,tabindex:14)
2024-03-29 15:35:21,322 [INFO] PluginManage:283 - PluginManage : Loaded plugins [17]
2024-03-29 15:35:21,813 [INFO] PinOutPanel:1561 - setPackage(No Configuration,No Configuration)
2024-03-29 15:35:21,929 [INFO] CADModel:165 - CPN selected for project level
2024-03-29 15:35:21,929 [INFO] CADModel:114 - Register for checkConnection events
2024-03-29 15:35:21,949 [INFO] IPUIPlugin:80 - create IPUIPlugin
2024-03-29 15:35:21,949 [INFO] PluginManager:220 - loadIPPluginJar : add genericplugin
2024-03-29 15:35:21,954 [INFO] IPUIPlugin:80 - create IPUIPlugin
2024-03-29 15:35:21,955 [INFO] PluginManager:220 - loadIPPluginJar : add ltdc
2024-03-29 15:35:21,965 [INFO] IPUIPlugin:80 - create IPUIPlugin
2024-03-29 15:35:21,966 [INFO] PluginManager:220 - loadIPPluginJar : add usbx
2024-03-29 15:35:21,972 [INFO] IPUIPlugin:80 - create IPUIPlugin
2024-03-29 15:35:21,975 [INFO] PluginManager:220 - loadIPPluginJar : add openamp
2024-03-29 15:35:21,980 [INFO] IPUIPlugin:80 - create IPUIPlugin
2024-03-29 15:35:21,980 [INFO] PluginManager:220 - loadIPPluginJar : add ts
2024-03-29 15:35:21,986 [INFO] IPUIPlugin:80 - create IPUIPlugin
2024-03-29 15:35:21,989 [INFO] PluginManager:220 - loadIPPluginJar : add dma3
2024-03-29 15:35:21,992 [INFO] IPUIPlugin:80 - create IPUIPlugin
2024-03-29 15:35:21,992 [INFO] PluginManager:220 - loadIPPluginJar : add quadspi
2024-03-29 15:35:21,998 [INFO] IPUIPlugin:80 - create IPUIPlugin
2024-03-29 15:35:21,998 [INFO] PluginManager:220 - loadIPPluginJar : add pdm2pcm
2024-03-29 15:35:22,004 [INFO] IPUIPlugin:80 - create IPUIPlugin
2024-03-29 15:35:22,005 [INFO] PluginManager:220 - loadIPPluginJar : add sai
2024-03-29 15:35:22,010 [INFO] IPUIPlugin:80 - create IPUIPlugin
2024-03-29 15:35:22,011 [INFO] PluginManager:220 - loadIPPluginJar : add hash
2024-03-29 15:35:22,016 [INFO] IPUIPlugin:80 - create IPUIPlugin
2024-03-29 15:35:22,016 [INFO] PluginManager:220 - loadIPPluginJar : add i2s
2024-03-29 15:35:22,023 [INFO] IPUIPlugin:80 - create IPUIPlugin
2024-03-29 15:35:22,024 [INFO] PluginManager:220 - loadIPPluginJar : add touchsensing
2024-03-29 15:35:22,037 [INFO] IPUIPlugin:80 - create IPUIPlugin
2024-03-29 15:35:22,038 [INFO] PluginManager:220 - loadIPPluginJar : add adc
2024-03-29 15:35:22,046 [INFO] IPUIPlugin:80 - create IPUIPlugin
2024-03-29 15:35:22,048 [INFO] PluginManager:220 - loadIPPluginJar : add spi
2024-03-29 15:35:22,056 [INFO] IPUIPlugin:80 - create IPUIPlugin
2024-03-29 15:35:22,056 [INFO] PluginManager:220 - loadIPPluginJar : add gpio
2024-03-29 15:35:22,059 [INFO] IPUIPlugin:80 - create IPUIPlugin
2024-03-29 15:35:22,060 [INFO] PluginManager:220 - loadIPPluginJar : add gfxmmu
2024-03-29 15:35:22,069 [INFO] IPUIPlugin:80 - create IPUIPlugin
2024-03-29 15:35:22,070 [INFO] PluginManager:220 - loadIPPluginJar : add dma
2024-03-29 15:35:22,075 [INFO] IPUIPlugin:80 - create IPUIPlugin
2024-03-29 15:35:22,075 [INFO] PluginManager:220 - loadIPPluginJar : add can
2024-03-29 15:35:22,078 [INFO] IPUIPlugin:80 - create IPUIPlugin
2024-03-29 15:35:22,078 [INFO] PluginManager:220 - loadIPPluginJar : add ucpd
2024-03-29 15:35:22,083 [INFO] IPUIPlugin:80 - create IPUIPlugin
2024-03-29 15:35:22,084 [INFO] PluginManager:220 - loadIPPluginJar : add extmemmanager
2024-03-29 15:35:22,097 [INFO] IPUIPlugin:80 - create IPUIPlugin
2024-03-29 15:35:22,098 [INFO] PluginManager:220 - loadIPPluginJar : add linkedlist
2024-03-29 15:35:22,101 [INFO] IPUIPlugin:80 - create IPUIPlugin
2024-03-29 15:35:22,101 [INFO] PluginManager:220 - loadIPPluginJar : add tim
2024-03-29 15:35:22,111 [INFO] IPUIPlugin:80 - create IPUIPlugin
2024-03-29 15:35:22,112 [INFO] PluginManager:220 - loadIPPluginJar : add freertos
2024-03-29 15:35:22,114 [INFO] IPUIPlugin:80 - create IPUIPlugin
2024-03-29 15:35:22,115 [INFO] PluginManager:220 - loadIPPluginJar : add tsc
2024-03-29 15:35:22,117 [INFO] IPUIPlugin:80 - create IPUIPlugin
2024-03-29 15:35:22,117 [INFO] PluginManager:220 - loadIPPluginJar : add fatfs
2024-03-29 15:35:22,121 [INFO] IPUIPlugin:80 - create IPUIPlugin
2024-03-29 15:35:22,122 [INFO] PluginManager:220 - loadIPPluginJar : add nvic
2024-03-29 15:35:22,125 [INFO] IPUIPlugin:80 - create IPUIPlugin
2024-03-29 15:35:22,125 [INFO] PluginManager:220 - loadIPPluginJar : add i3c
2024-03-29 15:35:22,134 [INFO] IPUIPlugin:80 - create IPUIPlugin
2024-03-29 15:35:22,138 [INFO] PluginManager:220 - loadIPPluginJar : add plateformsettings
2024-03-29 15:35:22,141 [INFO] IPUIPlugin:80 - create IPUIPlugin
2024-03-29 15:35:22,142 [INFO] PluginManager:220 - loadIPPluginJar : add opamp
2024-03-29 15:35:22,145 [INFO] IPUIPlugin:80 - create IPUIPlugin
2024-03-29 15:35:22,145 [INFO] PluginManager:220 - loadIPPluginJar : add ipddr
2024-03-29 15:35:22,153 [INFO] IPUIPlugin:80 - create IPUIPlugin
2024-03-29 15:35:22,153 [INFO] PluginManager:220 - loadIPPluginJar : add stm32_wpan
2024-03-29 15:35:22,160 [INFO] IPUIPlugin:80 - create IPUIPlugin
2024-03-29 15:35:22,160 [INFO] PluginManager:220 - loadIPPluginJar : add gic
2024-03-29 15:35:22,163 [INFO] IPUIPlugin:80 - create IPUIPlugin
2024-03-29 15:35:22,164 [INFO] PluginManager:220 - loadIPPluginJar : add gtzc
2024-03-29 15:35:22,167 [INFO] IPUIPlugin:80 - create IPUIPlugin
2024-03-29 15:35:22,167 [INFO] PluginManager:220 - loadIPPluginJar : add usart
2024-03-29 15:35:22,187 [INFO] IPUIPlugin:80 - create IPUIPlugin
2024-03-29 15:35:22,187 [INFO] PluginManager:220 - loadIPPluginJar : add i2c
2024-03-29 15:35:22,206 [INFO] IPUIPlugin:80 - create IPUIPlugin
2024-03-29 15:35:22,207 [INFO] PluginManager:220 - loadIPPluginJar : add mdma
2024-03-29 15:35:22,210 [INFO] IPUIPlugin:80 - create IPUIPlugin
2024-03-29 15:35:22,210 [INFO] PluginManager:220 - loadIPPluginJar : add lorawan
2024-03-29 15:35:22,212 [INFO] IPUIPlugin:80 - create IPUIPlugin
2024-03-29 15:35:22,213 [INFO] PluginManager:220 - loadIPPluginJar : add dfsdm
2024-03-29 15:35:22,215 [INFO] IPUIPlugin:80 - create IPUIPlugin
2024-03-29 15:35:22,215 [INFO] PluginManager:220 - loadIPPluginJar : add comp
2024-03-29 15:35:22,220 [INFO] IPUIPlugin:80 - create IPUIPlugin
2024-03-29 15:35:22,221 [INFO] PluginManager:220 - loadIPPluginJar : add fmc
2024-03-29 15:35:22,224 [INFO] IPUIPlugin:80 - create IPUIPlugin
2024-03-29 15:35:22,224 [INFO] PluginManager:220 - loadIPPluginJar : add cryp
2024-03-29 15:35:22,226 [INFO] IPUIPlugin:80 - create IPUIPlugin
2024-03-29 15:35:22,227 [INFO] PluginManager:220 - loadIPPluginJar : add tracer_emb
2024-03-29 15:35:22,230 [INFO] IPUIPlugin:80 - create IPUIPlugin
2024-03-29 15:35:22,230 [INFO] PluginManager:220 - loadIPPluginJar : add aes
2024-03-29 15:35:22,234 [INFO] IPUIPlugin:80 - create IPUIPlugin
2024-03-29 15:35:22,234 [INFO] PluginManager:220 - loadIPPluginJar : add resmgrutility
2024-03-29 15:35:22,357 [INFO] CADModel:165 - CPN selected for project level
2024-03-29 15:35:22,357 [INFO] CADModel:114 - Register for checkConnection events
2024-03-29 15:35:22,357 [FATAL] Updater:308 - Updater called before beeing initialized
2024-03-29 15:35:22,358 [ERROR] CADModel:125 - Updater not yet initialized, retry later 
2024-03-29 15:35:22,732 [INFO] CADModel:165 - CPN selected for project level
2024-03-29 15:35:22,733 [INFO] CADModel:114 - Register for checkConnection events
2024-03-29 15:35:22,733 [FATAL] Updater:308 - Updater called before beeing initialized
2024-03-29 15:35:22,733 [ERROR] CADModel:125 - Updater not yet initialized, retry later 
2024-03-29 15:35:22,739 [FATAL] Updater:308 - Updater called before beeing initialized
2024-03-29 15:35:22,930 [FATAL] Updater:308 - Updater called before beeing initialized
2024-03-29 15:35:22,939 [INFO] DbMcusAds:53 - JSON generation date=Wed Nov 29 16:22:27 IST 2023 (1701255147349)
2024-03-29 15:35:22,941 [FATAL] Updater:308 - Updater called before beeing initialized
2024-03-29 15:35:23,030 [WARN] DetailPanel:346 - Failed to get advertising image, set to default
2024-03-29 15:35:23,172 [FATAL] Updater:308 - Updater called before beeing initialized
2024-03-29 15:35:23,174 [FATAL] Updater:308 - Updater called before beeing initialized
2024-03-29 15:35:23,174 [FATAL] Updater:308 - Updater called before beeing initialized
2024-03-29 15:35:23,174 [WARN] DetailPanel:346 - Failed to get advertising image, set to default
2024-03-29 15:35:23,176 [FATAL] Updater:308 - Updater called before beeing initialized
2024-03-29 15:35:23,259 [ERROR] Updater:1120 - MainUpdater not yet initialized. External WinMGr cannot be set.
2024-03-29 15:35:23,264 [INFO] Updater:1056 - Updater Version found : 6.11.0
2024-03-29 15:35:23,305 [INFO] ApplicationProperties:184 - Using Application install path: /home/sunbeam/st/stm32cubeide_1.15.0/plugins/com.st.stm32cube.common.mx_6.11.0.202403141607
2024-03-29 15:35:23,829 [INFO] MainUpdater:2873 - connection check result : 10
2024-03-29 15:35:23,830 [INFO] MainUpdater:290 - Updater Check For Update Now.
2024-03-29 15:35:23,830 [INFO] MicroXplorer:498 - Change Database Version : DB.6.0.110
2024-03-29 15:35:23,841 [INFO] McuFinderGlobals:63 - Set McuFinder mode to 2 (CubeIDE integrated)
2024-03-29 15:35:23,841 [INFO] UserAuth:179 - activating auth plugin
2024-03-29 15:35:23,848 [INFO] UserAuth:415 - Internet connection configuration mode: 1
2024-03-29 15:35:23,862 [INFO] JxBrowserEngine:152 - Initiate JxBrowser Engine with user profile folder
2024-03-29 15:35:24,024 [WARN] MainUpdater:1194 - Updater busy. Cannot search thirdparties
2024-03-29 15:35:24,024 [INFO] ThirdPartyUpdaterWithRetryManager:96 - Updater plugin is busy. [1/15]
2024-03-29 15:35:24,067 [INFO] CheckServerUpdateThread:120 - End of CheckServer Thread
2024-03-29 15:35:25,000 [INFO] WebApp:161 - Instantiating new browser for Auth
2024-03-29 15:35:26,103 [INFO] WebApp:779 - Register for checkConnection events
2024-03-29 15:35:26,103 [INFO] WebApp:414 - Apply proxy settings
2024-03-29 15:35:26,104 [INFO] WebApp:499 - Chromium requires no authentication
2024-03-29 15:35:26,112 [INFO] WebApp:442 - Direct internet connection detected
2024-03-29 15:35:26,301 [INFO] WebApp:192 - Starting web application
2024-03-29 15:35:26,302 [INFO] WebApp:544 - Web application path used /home/sunbeam/st/stm32cubeide_1.15.0/plugins/com.st.stm32cube.common.mx_6.11.0.202403141607/db/plugins/mcufinder/reactClient1/index.html
2024-03-29 15:35:27,209 [WARN] PackLoader:240 - Cannot read IP mode file for STMicroelectronics.X-CUBE-SMBUS.2.1.0
2024-03-29 15:35:27,217 [WARN] PackLoader:240 - Cannot read IP mode file for STMicroelectronics.X-CUBE-TOUCHGFX.4.23.0
2024-03-29 15:35:27,270 [WARN] PackLoader:240 - Cannot read IP mode file for STMicroelectronics.X-CUBE-AZRTOS-F7.1.1.0
2024-03-29 15:35:27,287 [WARN] PackLoader:240 - Cannot read IP mode file for STMicroelectronics.FP-SNS-MOTENV1.4.3.2
2024-03-29 15:35:27,298 [WARN] PackLoader:240 - Cannot read IP mode file for STMicroelectronics.FP-SNS-FLIGHT1.5.0.2
2024-03-29 15:35:27,311 [WARN] PackLoader:240 - Cannot read IP mode file for STMicroelectronics.X-CUBE-DISPLAY.3.0.0
2024-03-29 15:35:27,330 [WARN] PackLoader:240 - Cannot read IP mode file for STMicroelectronics.X-CUBE-BLE1.7.0.0
2024-03-29 15:35:27,351 [WARN] PackLoader:240 - Cannot read IP mode file for STMicroelectronics.X-CUBE-BLEMGR.3.1.0
2024-03-29 15:35:27,362 [WARN] PackLoader:240 - Cannot read IP mode file for STMicroelectronics.FP-SNS-SMARTAG2.1.2.0
2024-03-29 15:35:27,383 [INFO] LogOutputStream:77 - [STDOUT_REDIRECT] 1 : Invalid condition id : UX_CORESTACK_Condition cause : null
2024-03-29 15:35:27,384 [INFO] LogOutputStream:77 - [STDOUT_REDIRECT] 1 : Invalid condition id : UX_CORESTACK_Condition cause : null
2024-03-29 15:35:27,385 [INFO] LogOutputStream:77 - [STDOUT_REDIRECT] 1 : Invalid condition id : UX_CORESTACK_Condition cause : null
2024-03-29 15:35:27,386 [INFO] LogOutputStream:77 - [STDOUT_REDIRECT] 1 : Invalid condition id : UX_CORESTACK_Condition cause : null
2024-03-29 15:35:27,386 [INFO] LogOutputStream:77 - [STDOUT_REDIRECT] 1 : Invalid condition id : UX_CORESTACK_Condition cause : null
2024-03-29 15:35:27,395 [WARN] PackLoader:240 - Cannot read IP mode file for STMicroelectronics.X-CUBE-AZRTOS-WL.2.0.0
2024-03-29 15:35:27,404 [WARN] PackLoader:240 - Cannot read IP mode file for STMicroelectronics.X-CUBE-BLE2.3.3.0
2024-03-29 15:35:27,417 [WARN] PackLoader:240 - Cannot read IP mode file for STMicroelectronics.X-CUBE-ALGOBUILD.1.3.0
2024-03-29 15:35:27,455 [WARN] PackLoader:240 - Cannot read IP mode file for STMicroelectronics.X-CUBE-AZRTOS-G0.1.1.0
2024-03-29 15:35:27,468 [WARN] PackLoader:240 - Cannot read IP mode file for STMicroelectronics.X-CUBE-NFC4.3.0.0
2024-03-29 15:35:27,475 [WARN] PackLoader:240 - Cannot read IP mode file for STMicroelectronics.FP-ATR-SIGFOX1.3.2.0
2024-03-29 15:35:27,484 [WARN] PackLoader:240 - Cannot read IP mode file for STMicroelectronics.X-CUBE-EEPRMA1.5.1.0
2024-03-29 15:35:27,597 [WARN] PackLoader:240 - Cannot read IP mode file for SEGGER.I-CUBE-embOS.1.3.1
2024-03-29 15:35:27,765 [WARN] PackLoader:240 - Cannot read IP mode file for STMicroelectronics.X-CUBE-GNSS1.6.0.0
2024-03-29 15:35:27,803 [WARN] PackLoader:240 - Cannot read IP mode file for STMicroelectronics.X-CUBE-AZRTOS-F4.1.1.0
2024-03-29 15:35:27,813 [WARN] PackLoader:240 - Cannot read IP mode file for wolfSSL.I-CUBE-wolfSSL.5.6.6
2024-03-29 15:35:27,846 [WARN] PackLoader:240 - Cannot read IP mode file for STMicroelectronics.X-CUBE-AZRTOS-L5.2.0.0
2024-03-29 15:35:27,863 [WARN] PackLoader:240 - Cannot read IP mode file for STMicroelectronics.X-CUBE-NFC6.3.1.0
2024-03-29 15:35:27,873 [WARN] PackLoader:240 - Cannot read IP mode file for STMicroelectronics.X-CUBE-NFC7.1.0.1
2024-03-29 15:35:27,879 [WARN] PackLoader:240 - Cannot read IP mode file for STMicroelectronics.X-CUBE-AI.8.1.0
2024-03-29 15:35:27,912 [WARN] ConditionMgr:438 - getConditionDescription Invalid condition id : LAN8742 Phy interface Condition cause : null
2024-03-29 15:35:27,914 [WARN] PackLoader:240 - Cannot read IP mode file for STMicroelectronics.X-CUBE-AZRTOS-L4.2.0.0
2024-03-29 15:35:27,916 [WARN] ConditionMgr:1039 - genDependencies : Invalid condition id : LAN8742 Phy interface Condition cause : null
2024-03-29 15:35:27,917 [WARN] ConditionMgr:1039 - genDependencies : Invalid condition id : LAN8742 Phy interface Condition cause : null
2024-03-29 15:35:27,918 [WARN] ConditionMgr:1039 - genDependencies : Invalid condition id : LAN8742 Phy interface Condition cause : null
2024-03-29 15:35:27,929 [WARN] PackLoader:240 - Cannot read IP mode file for STMicroelectronics.X-CUBE-SFXS2LP1.4.0.0
2024-03-29 15:35:27,952 [WARN] ConditionMgr:438 - getConditionDescription Invalid condition id : UX DEVICE CLASS RTOS Condition cause : null
2024-03-29 15:35:27,952 [WARN] ConditionMgr:438 - getConditionDescription Invalid condition id : UX DEVICE CLASS RTOS Condition cause : null
2024-03-29 15:35:27,957 [WARN] PackLoader:240 - Cannot read IP mode file for STMicroelectronics.X-CUBE-AZRTOS-WB.2.0.0
2024-03-29 15:35:27,959 [WARN] ConditionMgr:1039 - genDependencies : Invalid condition id : UX DEVICE CLASS RTOS Condition cause : null
2024-03-29 15:35:27,959 [WARN] ConditionMgr:1039 - genDependencies : Invalid condition id : UX DEVICE CLASS RTOS Condition cause : null
2024-03-29 15:35:27,960 [WARN] ConditionMgr:1039 - genDependencies : Invalid condition id : UX DEVICE CLASS RTOS Condition cause : null
2024-03-29 15:35:27,961 [WARN] ConditionMgr:1039 - genDependencies : Invalid condition id : UX DEVICE CLASS RTOS Condition cause : null
2024-03-29 15:35:27,961 [WARN] ConditionMgr:1039 - genDependencies : Invalid condition id : UX DEVICE CLASS RTOS Condition cause : null
2024-03-29 15:35:27,984 [WARN] PackLoader:240 - Cannot read IP mode file for STMicroelectronics.X-CUBE-SUBG2.5.0.0
2024-03-29 15:35:28,032 [WARN] PackLoader:240 - Cannot read IP mode file for STMicroelectronics.X-CUBE-AZRTOS-G4.2.0.0
2024-03-29 15:35:28,052 [WARN] PackLoader:240 - Cannot read IP mode file for Infineon.AIROC-Wi-Fi-Bluetooth-STM32.1.5.1
2024-03-29 15:35:28,084 [WARN] PackLoader:240 - Cannot read IP mode file for STMicroelectronics.FP-SNS-MOTENVWB1.1.3.1
2024-03-29 15:35:28,089 [WARN] PackLoader:240 - Cannot read IP mode file for STMicroelectronics.X-CUBE-ISPU.2.0.0
2024-03-29 15:35:28,211 [WARN] PackLoader:240 - Cannot read IP mode file for STMicroelectronics.X-CUBE-MEMS1.10.0.0
2024-03-29 15:35:28,553 [WARN] PackLoader:240 - Cannot read IP mode file for STMicroelectronics.X-CUBE-FREERTOS.1.1.0
2024-03-29 15:35:28,558 [WARN] PackLoader:240 - Cannot read IP mode file for STMicroelectronics.X-CUBE-ALS.1.0.1
2024-03-29 15:35:28,563 [WARN] PackLoader:240 - Cannot read IP mode file for STMicroelectronics.FP-ATR-ASTRA1.2.0.0
2024-03-29 15:35:28,581 [WARN] PackLoader:240 - Cannot read IP mode file for STMicroelectronics.X-CUBE-TOF1.3.4.1
2024-03-29 15:35:28,676 [WARN] PackLoader:240 - Cannot read IP mode file for STMicroelectronics.X-CUBE-AZRTOS-H7.3.2.0
2024-03-29 15:35:28,682 [INFO] ThirdParty:978 - Integrity check success = true
2024-03-29 15:35:28,683 [INFO] IntegrityCheckThread:100 - exiting critical section [integrity check]
2024-03-29 15:35:28,690 [INFO] IntegrityCheckThread:103 - End integrity checks thread
2024-03-29 15:36:18,904 [INFO] McuFinderGlobals:63 - Set McuFinder mode to 2 (CubeIDE integrated)
2024-03-29 15:36:18,906 [INFO] MainUpdater:2873 - connection check result : 10
2024-03-29 15:36:19,327 [INFO] ApiDb:581 - Connected to CubeFinder SQLite database (/home/sunbeam/.stmcufinder/plugins/mcufinder/mcu/cube-finder-db.db)
2024-03-29 15:36:19,450 [INFO] ApiDb:668 - CubeFinder database Data Model version=2.1
2024-03-29 15:36:19,450 [INFO] ApiDb:669 - CubeFinder database Configuration version=3.0.39
2024-03-29 15:36:19,451 [INFO] ApiDb:670 - CubeFinder database generation date=2024-03-01 (1709305525)
2024-03-29 15:36:19,451 [INFO] ApiDb:671 - CubeFinder database FW Pack versions=[FP-ATR-ASTRA1_V2.0.0, FP-SNS-FLIGHT1_V5.0.1, FP-SNS-FLIGHT1_V5.0.2, FP-SNS-MOTENV1_V4.3.1, FP-SNS-MOTENV1_V4.3.2, FP-SNS-MOTENVWB1_V1.3.1, FP-SNS-SMARTAG2_V1.2.0, STM32Cube_FW_C0_V1.1.0, STM32Cube_FW_F4_V1.28.0, STM32Cube_FW_F7_V1.17.0, STM32Cube_FW_G0_V1.6.2, STM32Cube_FW_G4_V1.5.2, STM32Cube_FW_H5_V0.5.1, STM32Cube_FW_H5_V1.1.1, STM32Cube_FW_H5_V1.2.0, STM32Cube_FW_H5_V1.2.0RC4, STM32Cube_FW_H7RS_V1.0.0, STM32Cube_FW_H7RS_V1.0.0RC4, STM32Cube_FW_H7_V1.11.0, STM32Cube_FW_L0_V1.12.2, STM32Cube_FW_L5_V1.5.1, STM32Cube_FW_U0_V1.0.0, STM32Cube_FW_U0_V1.0.0RC1, STM32Cube_FW_U5_V1.3.0RC4, STM32Cube_FW_U5_V1.5.0, STM32Cube_FW_U5_V1.5.0RC1, STM32Cube_FW_WBA_V1.0.0RC1, STM32Cube_FW_WBA_V1.2.0, STM32Cube_FW_WBA_V1.2.0RC2, STM32Cube_FW_WBA_V1.3.0, STM32Cube_FW_WBA_V1.3.0RC1, STM32Cube_FW_WB_V1.15.0RC1, STM32Cube_FW_WB_V1.16.0, STM32Cube_FW_WB_V1.16.0RC2, STM32Cube_FW_WB_V1.18.0, STM32Cube_FW_WB_V1.19.0, STM32Cube_FW_WL_V1.3.0, X-CUBE-ALGOBUILD_V1.3.0, X-CUBE-ALS_V1.0.1, X-CUBE-AZRTOS-F4_V1.1.0, X-CUBE-AZRTOS-F7_V1.1.0, X-CUBE-AZRTOS-G0_V1.1.0, X-CUBE-AZRTOS-G4_V2.0.0, X-CUBE-AZRTOS-H7_V3.2.0, X-CUBE-AZRTOS-L4_V1.0.0, X-CUBE-AZRTOS-L4_V2.0.0, X-CUBE-AZRTOS-L5_V1.1.0, X-CUBE-AZRTOS-WB_V2.0.0, X-CUBE-AZRTOS-WL_V2.0.0, X-CUBE-BLE1_V7.0.0, X-CUBE-BLE2_V3.3.0, X-CUBE-BLEMGR_V3.1.0, X-CUBE-EEPRMA1_V4.1.0, X-CUBE-EEPRMA1_V5.1.0, X-CUBE-FREERTOS_V1.1.0, X-CUBE-GNSS1_V6.0.0, X-CUBE-MEMS1_V10.0.0, X-CUBE-MEMS1_V9.1.0, X-CUBE-MEMS1_V9.4.0, X-CUBE-MEMS1_V9.6.0, X-CUBE-NFC4_V3.0.0, X-CUBE-NFC7_V1.0.1, X-CUBE-SFXS2LP1_V4.0.0, X-CUBE-SUBG2_V5.0.0, X-CUBE-TOF1_V3.4.0]
2024-03-29 15:36:19,609 [INFO] DbBoardsSqlite:226 - include board P-NUCLEO-WB55-NUCLEO as a kit item of type 'Nucleo-64'
2024-03-29 15:36:19,610 [INFO] DbBoardsSqlite:226 - include board P-NUCLEO-WB55-USBDONGLE as a kit item of type 'Nucleo USB Dongle'
2024-03-29 15:36:19,611 [INFO] DbBoardsSqlite:226 - include board STEVAL-IDP005V1 as a kit item of type 'Evaluation Board'
2024-03-29 15:36:19,611 [INFO] DbBoardsSqlite:226 - include board STEVAL-IDP005V2 as a kit item of type 'Evaluation Board'
2024-03-29 15:36:19,700 [INFO] ApiDb:240 - Found 483 in-development CPN: [B-G473E-ZEST1S, B-WB1M-WPAN1, B-WL5M-SUBG1, NUCLEO-C031C6, NUCLEO-H503RB, NUCLEO-H533RE, NUCLEO-H563ZI, NUCLEO-H7S3L8, NUCLEO-U031R8, NUCLEO-U083RC, NUCLEO-U545RE-Q, NUCLEO-U5A5ZJ-Q, NUCLEO-WBA52CG, NUCLEO-WBA55CG, STEVAL-PROTEUS1, STEVAL-SMARTAG2, STEVAL-STWINBX1, STM320518-EVAL, STM32C0116-DK, STM32C011D6Y3TR, STM32C011D6Y6TR, STM32C011F4P3, STM32C011F4P6, STM32C011F4U3, STM32C011F4U6TR, STM32C011F6P3, STM32C011F6P6, STM32C011F6U3, STM32C011F6U6TR, STM32C011J4M3, STM32C011J4M6, STM32C011J6M3, STM32C011J6M6, STM32C0316-DK, STM32C031C4T3, STM32C031C4T6, STM32C031C4U3, STM32C031C4U6, STM32C031C6T3, STM32C031C6T6, STM32C031C6U3, STM32C031C6U6, STM32C031F4P3, STM32C031F4P6, STM32C031F6P3, STM32C031F6P6, STM32C031G4U3, STM32C031G4U6, STM32C031G6U3, STM32C031G6U6, STM32C031K4T3, STM32C031K4T6, STM32C031K4U3, STM32C031K4U6, STM32C031K6T3, STM32C031K6T6, STM32C031K6U3, STM32C031K6U6, STM32G071K8TXN, STM32G071K8UXN, STM32G081GBU6N, STM32G081KBT6N, STM32G081KBUXN, STM32G0B1CCT6N, STM32G0B1KCT6, STM32G0B1NEY6TR, STM32G0B1RCT6N, STM32G0C1CCT6, STM32G0C1CCT6N, STM32G0C1CCU6N, STM32G0C1CET6N, STM32G0C1CEU6N, STM32G0C1KCT6, STM32G0C1NEY6TR, STM32G0C1RCI6N, STM32G0C1RCT6N, STM32G0C1REI6N, STM32G0C1RET6N, STM32G0C1VCI6, STM32G0C1VEI6, STM32G471CCT6, STM32G471CCU6, STM32G471CET3, STM32G471CET6, STM32G471CEU3, STM32G471CEU6, STM32G471MCT6, STM32G471MET3, STM32G471MET6, STM32G471MEY6TR, STM32G471QCT6, STM32G471QET3, STM32G471RCT6, STM32G471RET3, STM32G471RET6, STM32G471VCH6, STM32G471VCI6, STM32G471VCT6, STM32G471VEH3, STM32G471VEH6, STM32G471VEI3, STM32G471VEI6, STM32G471VET3, STM32G471VET6, STM32G474CCT6, STM32H503CBT6, STM32H503CBU6, STM32H503EBY6TR, STM32H503KBU6, STM32H503RBT6, STM32H523CCT6, STM32H523CCU6, STM32H523CET6, STM32H523CEU6, STM32H523HEY6TR, STM32H523RCT6, STM32H523RET6, STM32H523VCI6, STM32H523VCT6, STM32H523VEI6, STM32H523VET6, STM32H523ZCJ6, STM32H523ZCT6, STM32H523ZEJ6, STM32H523ZET6, STM32H533CET6, STM32H533CEU6, STM32H533HEY6TR, STM32H533RET6, STM32H533VEI6, STM32H533VET6, STM32H533ZEJ6, STM32H533ZET6, STM32H562AGI6, STM32H562AII6, STM32H562IGK6, STM32H562IGT6, STM32H562IIK6, STM32H562IIT6, STM32H562RGT6, STM32H562RGV6, STM32H562RIT6, STM32H562RIV6, STM32H562VGT6, STM32H562VIT6, STM32H562ZGT6, STM32H562ZIT6, STM32H563AGI6, STM32H563AII3Q, STM32H563AII6, STM32H563IGK6, STM32H563IGT6, STM32H563IIK3Q, STM32H563IIK6, STM32H563IIT3Q, STM32H563IIT6, STM32H563MIY3QTR, STM32H563RGT6, STM32H563RGV6, STM32H563RIT6, STM32H563RIV6, STM32H563VGT6, STM32H563VIT3Q, STM32H563VIT6, STM32H563ZGT6, STM32H563ZIT3Q, STM32H563ZIT6, STM32H573AII3Q, STM32H573AII6, STM32H573I-DK, STM32H573IIK3Q, STM32H573IIK6, STM32H573IIT3Q, STM32H573IIT6, STM32H573MIY3QTR, STM32H573RIT6, STM32H573RIV6, STM32H573VIT3Q, STM32H573VIT6, STM32H573ZIT3Q, STM32H573ZIT6, STM32H7R3A8I6, STM32H7R3I8K6, STM32H7R3I8T6, STM32H7R3L8H6, STM32H7R3L8H6H, STM32H7R3R8V6, STM32H7R3V8H6, STM32H7R3V8T6, STM32H7R3V8Y6, STM32H7R3Z8J6, STM32H7R3Z8T6, STM32H7R7A8I6, STM32H7R7I8K6, STM32H7R7I8T6, STM32H7R7L8H6, STM32H7R7L8H6H, STM32H7R7Z8J6, STM32H7S3A8I6, STM32H7S3I8K6, STM32H7S3I8T6, STM32H7S3L8H6, STM32H7S3L8H6H, STM32H7S3R8V6, STM32H7S3V8H6, STM32H7S3V8T6, STM32H7S3V8Y6, STM32H7S3Z8J6, STM32H7S3Z8T6, STM32H7S78-DK, STM32H7S7A8I6, STM32H7S7I8K6, STM32H7S7I8T6, STM32H7S7L8H6, STM32H7S7L8H6H, STM32H7S7Z8J6, STM32L4R5QGI6STR, STM32MP131AAE3, STM32MP131AAF3, STM32MP131AAG3, STM32MP131CAE3, STM32MP131CAF3, STM32MP131CAG3, STM32MP131DAE7, STM32MP131DAF7, STM32MP131DAG7, STM32MP131FAE7, STM32MP131FAF7, STM32MP131FAG7, STM32MP133AAE3, STM32MP133AAF3, STM32MP133AAG3, STM32MP133CAE3, STM32MP133CAF3, STM32MP133CAG3, STM32MP133DAE7, STM32MP133DAF7, STM32MP133DAG7, STM32MP133FAE7, STM32MP133FAF7, STM32MP133FAG7, STM32MP135AAE3, STM32MP135AAF3, STM32MP135AAG3, STM32MP135CAE3, STM32MP135CAF3, STM32MP135CAG3, STM32MP135DAE7, STM32MP135DAF7, STM32MP135DAG7, STM32MP135F-DK, STM32MP135FAE7, STM32MP135FAF7, STM32MP135FAF7T, STM32MP135FAF7U, STM32MP135FAG7, STM32U031C6T6, STM32U031C6U6, STM32U031C8T6, STM32U031C8U6, STM32U031F4P6, STM32U031F6P6, STM32U031F8P6, STM32U031G6Y6TR, STM32U031G8Y6TR, STM32U031K4U6, STM32U031K6U6, STM32U031K8U6, STM32U031R6I6, STM32U031R6T6, STM32U031R8I6, STM32U031R8T6, STM32U073C8T6, STM32U073C8U6, STM32U073CBT6, STM32U073CBU6, STM32U073CCT6, STM32U073CCU6, STM32U073H8Y6TR, STM32U073HBY6TR, STM32U073HCY6TR, STM32U073K8U6, STM32U073KBU6, STM32U073KCU6, STM32U073M8I6, STM32U073M8T6, STM32U073MBI6, STM32U073MBT6, STM32U073MCI6, STM32U073MCT6, STM32U073R8I6, STM32U073R8T6, STM32U073RBI6, STM32U073RBT6, STM32U073RCI6, STM32U073RCT6, STM32U083C-DK, STM32U083CCT6, STM32U083CCU6, STM32U083HCY6TR, STM32U083KCU6, STM32U083MCI6, STM32U083MCT6, STM32U083RCI6, STM32U083RCT6, STM32U535CBT6, STM32U535CBT6Q, STM32U535CBU6, STM32U535CBU6Q, STM32U535CCT6, STM32U535CCT6Q, STM32U535CCU6, STM32U535CCU6Q, STM32U535CET6, STM32U535CET6Q, STM32U535CEU6, STM32U535CEU6Q, STM32U535JEY6QTR, STM32U535NCY6QTR, STM32U535NEY6QTR, STM32U535RBI6, STM32U535RBI6Q, STM32U535RBT6, STM32U535RBT6Q, STM32U535RCI6, STM32U535RCI6Q, STM32U535RCT6, STM32U535RCT6Q, STM32U535REI6, STM32U535REI6Q, STM32U535RET6, STM32U535RET6Q, STM32U535VCI6, STM32U535VCI6Q, STM32U535VCT6, STM32U535VCT6Q, STM32U535VEI6, STM32U535VEI6Q, STM32U535VET6, STM32U535VET6Q, STM32U545CET6, STM32U545CET6Q, STM32U545CEU6, STM32U545CEU6Q, STM32U545JEY6QTR, STM32U545NEY6QTR, STM32U545REI6, STM32U545REI6Q, STM32U545RET6, STM32U545RET6Q, STM32U545VEI6, STM32U545VEI6Q, STM32U545VET6, STM32U545VET6Q, STM32U595AIH6, STM32U595AIH6Q, STM32U595AJH6, STM32U595AJH6Q, STM32U595QII6, STM32U595QII6Q, STM32U595QJI6, STM32U595QJI6Q, STM32U595RIT6, STM32U595RIT6Q, STM32U595RJT6, STM32U595RJT6Q, STM32U595VIT6, STM32U595VIT6Q, STM32U595VJT6, STM32U595VJT6Q, STM32U595ZIT6, STM32U595ZIT6Q, STM32U595ZIY6QTR, STM32U595ZJT6, STM32U595ZJT6Q, STM32U595ZJY6QTR, STM32U599BJY6QTR, STM32U599NIH6Q, STM32U599NJH6Q, STM32U599VIT6Q, STM32U599VJT6, STM32U599VJT6Q, STM32U599ZIT6Q, STM32U599ZIY6QTR, STM32U599ZJT6Q, STM32U599ZJY6QTR, STM32U5A5AJH6, STM32U5A5AJH6Q, STM32U5A5QII3Q , STM32U5A5QJI6, STM32U5A5QJI6Q, STM32U5A5RJT6, STM32U5A5RJT6Q, STM32U5A5VJT6, STM32U5A5VJT6Q, STM32U5A5ZJT6, STM32U5A5ZJT6Q, STM32U5A5ZJY6QTR, STM32U5A9BJY6QTR, STM32U5A9J-DK, STM32U5A9NJH6Q, STM32U5A9VJT6Q, STM32U5A9ZJT6Q, STM32U5A9ZJY6QTR, STM32U5F7VIT6, STM32U5F7VIT6Q, STM32U5F7VJT6, STM32U5F7VJT6Q, STM32U5F9BJY6QTR, STM32U5F9NJH6Q, STM32U5F9VIT6Q, STM32U5F9VJT6Q, STM32U5F9ZIJ6QTR, STM32U5F9ZIT6Q, STM32U5F9ZJJ6QTR, STM32U5F9ZJT6Q, STM32U5G7VJT6, STM32U5G7VJT6Q, STM32U5G9BJY6QTR, STM32U5G9J-DK1, STM32U5G9J-DK2, STM32U5G9NJH6Q, STM32U5G9VJT6Q, STM32U5G9ZJJ6QTR, STM32U5G9ZJT6Q, STM32WB1MMCH6, STM32WBA50KEU6, STM32WBA50KEU6TR, STM32WBA50KGU6, STM32WBA50KGU6TR, STM32WBA52CEU6, STM32WBA52CEU6TR, STM32WBA52CEU7, STM32WBA52CEU7TR, STM32WBA52CGU6, STM32WBA52CGU6TR, STM32WBA52CGU6U, STM32WBA52CGU7, STM32WBA52CGU7TR, STM32WBA52KEU6, STM32WBA52KEU6TR, STM32WBA52KGU6, STM32WBA52KGU6TR, STM32WBA54CEU6, STM32WBA54CEU6TR, STM32WBA54CEU7, STM32WBA54CEU7TR, STM32WBA54CGU6, STM32WBA54CGU6TR, STM32WBA54CGU7, STM32WBA54CGU7TR, STM32WBA54KEU6, STM32WBA54KEU6TR, STM32WBA54KEU7, STM32WBA54KEU7TR, STM32WBA54KGU6, STM32WBA54KGU6TR, STM32WBA54KGU7, STM32WBA54KGU7TR, STM32WBA55CEU6, STM32WBA55CEU6TR, STM32WBA55CEU7, STM32WBA55CEU7TR, STM32WBA55CGU6, STM32WBA55CGU6TR, STM32WBA55CGU6U, STM32WBA55CGU7, STM32WBA55CGU7TR, STM32WBA55G-DK1, STM32WBA55HEF6, STM32WBA55HEF7, STM32WBA55HGF6, STM32WBA55HGF7, STM32WBA55UEI6, STM32WBA55UEI6TR, STM32WBA55UEI7, STM32WBA55UEI7TR, STM32WBA55UGI6, STM32WBA55UGI6TR, STM32WBA55UGI7, STM32WBA55UGI7TR, STM32WL5MOCH6, STM32WL5MOCH6TR]
2024-03-29 15:36:19,860 [INFO] BoardInfo:889 - No configuration file found for board P-NUCLEO-WB55
2024-03-29 15:36:19,860 [INFO] DbBoards:161 - Kit is not supported: P-NUCLEO-WB55
2024-03-29 15:36:19,867 [INFO] BoardInfo:889 - No configuration file found for board STEVAL-BFA001V1B
2024-03-29 15:36:19,868 [INFO] DbBoards:161 - Kit is not supported: STEVAL-BFA001V1B
2024-03-29 15:36:19,869 [INFO] BoardInfo:889 - No configuration file found for board STEVAL-BFA001V2B
2024-03-29 15:36:19,870 [INFO] DbBoards:161 - Kit is not supported: STEVAL-BFA001V2B
2024-03-29 15:36:20,073 [INFO] DbBoards:168 - Found 199 boards, 196 are supported
2024-03-29 15:36:20,073 [INFO] DbBoards:169 - Found 199 boards, 8 of them is supported for  Bsp
2024-03-29 15:36:20,078 [INFO] ApiDb:668 - CubeFinder database Data Model version=2.1
2024-03-29 15:36:20,079 [INFO] ApiDb:669 - CubeFinder database Configuration version=3.0.39
2024-03-29 15:36:20,079 [INFO] ApiDb:670 - CubeFinder database generation date=2024-03-01 (1709305525)
2024-03-29 15:36:20,079 [INFO] ApiDb:671 - CubeFinder database FW Pack versions=[FP-ATR-ASTRA1_V2.0.0, FP-SNS-FLIGHT1_V5.0.1, FP-SNS-FLIGHT1_V5.0.2, FP-SNS-MOTENV1_V4.3.1, FP-SNS-MOTENV1_V4.3.2, FP-SNS-MOTENVWB1_V1.3.1, FP-SNS-SMARTAG2_V1.2.0, STM32Cube_FW_C0_V1.1.0, STM32Cube_FW_F4_V1.28.0, STM32Cube_FW_F7_V1.17.0, STM32Cube_FW_G0_V1.6.2, STM32Cube_FW_G4_V1.5.2, STM32Cube_FW_H5_V0.5.1, STM32Cube_FW_H5_V1.1.1, STM32Cube_FW_H5_V1.2.0, STM32Cube_FW_H5_V1.2.0RC4, STM32Cube_FW_H7RS_V1.0.0, STM32Cube_FW_H7RS_V1.0.0RC4, STM32Cube_FW_H7_V1.11.0, STM32Cube_FW_L0_V1.12.2, STM32Cube_FW_L5_V1.5.1, STM32Cube_FW_U0_V1.0.0, STM32Cube_FW_U0_V1.0.0RC1, STM32Cube_FW_U5_V1.3.0RC4, STM32Cube_FW_U5_V1.5.0, STM32Cube_FW_U5_V1.5.0RC1, STM32Cube_FW_WBA_V1.0.0RC1, STM32Cube_FW_WBA_V1.2.0, STM32Cube_FW_WBA_V1.2.0RC2, STM32Cube_FW_WBA_V1.3.0, STM32Cube_FW_WBA_V1.3.0RC1, STM32Cube_FW_WB_V1.15.0RC1, STM32Cube_FW_WB_V1.16.0, STM32Cube_FW_WB_V1.16.0RC2, STM32Cube_FW_WB_V1.18.0, STM32Cube_FW_WB_V1.19.0, STM32Cube_FW_WL_V1.3.0, X-CUBE-ALGOBUILD_V1.3.0, X-CUBE-ALS_V1.0.1, X-CUBE-AZRTOS-F4_V1.1.0, X-CUBE-AZRTOS-F7_V1.1.0, X-CUBE-AZRTOS-G0_V1.1.0, X-CUBE-AZRTOS-G4_V2.0.0, X-CUBE-AZRTOS-H7_V3.2.0, X-CUBE-AZRTOS-L4_V1.0.0, X-CUBE-AZRTOS-L4_V2.0.0, X-CUBE-AZRTOS-L5_V1.1.0, X-CUBE-AZRTOS-WB_V2.0.0, X-CUBE-AZRTOS-WL_V2.0.0, X-CUBE-BLE1_V7.0.0, X-CUBE-BLE2_V3.3.0, X-CUBE-BLEMGR_V3.1.0, X-CUBE-EEPRMA1_V4.1.0, X-CUBE-EEPRMA1_V5.1.0, X-CUBE-FREERTOS_V1.1.0, X-CUBE-GNSS1_V6.0.0, X-CUBE-MEMS1_V10.0.0, X-CUBE-MEMS1_V9.1.0, X-CUBE-MEMS1_V9.4.0, X-CUBE-MEMS1_V9.6.0, X-CUBE-NFC4_V3.0.0, X-CUBE-NFC7_V1.0.1, X-CUBE-SFXS2LP1_V4.0.0, X-CUBE-SUBG2_V5.0.0, X-CUBE-TOF1_V3.4.0]
2024-03-29 15:36:23,423 [INFO] ApiDb:240 - Found 483 in-development CPN: [B-G473E-ZEST1S, B-WB1M-WPAN1, B-WL5M-SUBG1, NUCLEO-C031C6, NUCLEO-H503RB, NUCLEO-H533RE, NUCLEO-H563ZI, NUCLEO-H7S3L8, NUCLEO-U031R8, NUCLEO-U083RC, NUCLEO-U545RE-Q, NUCLEO-U5A5ZJ-Q, NUCLEO-WBA52CG, NUCLEO-WBA55CG, STEVAL-PROTEUS1, STEVAL-SMARTAG2, STEVAL-STWINBX1, STM320518-EVAL, STM32C0116-DK, STM32C011D6Y3TR, STM32C011D6Y6TR, STM32C011F4P3, STM32C011F4P6, STM32C011F4U3, STM32C011F4U6TR, STM32C011F6P3, STM32C011F6P6, STM32C011F6U3, STM32C011F6U6TR, STM32C011J4M3, STM32C011J4M6, STM32C011J6M3, STM32C011J6M6, STM32C0316-DK, STM32C031C4T3, STM32C031C4T6, STM32C031C4U3, STM32C031C4U6, STM32C031C6T3, STM32C031C6T6, STM32C031C6U3, STM32C031C6U6, STM32C031F4P3, STM32C031F4P6, STM32C031F6P3, STM32C031F6P6, STM32C031G4U3, STM32C031G4U6, STM32C031G6U3, STM32C031G6U6, STM32C031K4T3, STM32C031K4T6, STM32C031K4U3, STM32C031K4U6, STM32C031K6T3, STM32C031K6T6, STM32C031K6U3, STM32C031K6U6, STM32G071K8TXN, STM32G071K8UXN, STM32G081GBU6N, STM32G081KBT6N, STM32G081KBUXN, STM32G0B1CCT6N, STM32G0B1KCT6, STM32G0B1NEY6TR, STM32G0B1RCT6N, STM32G0C1CCT6, STM32G0C1CCT6N, STM32G0C1CCU6N, STM32G0C1CET6N, STM32G0C1CEU6N, STM32G0C1KCT6, STM32G0C1NEY6TR, STM32G0C1RCI6N, STM32G0C1RCT6N, STM32G0C1REI6N, STM32G0C1RET6N, STM32G0C1VCI6, STM32G0C1VEI6, STM32G471CCT6, STM32G471CCU6, STM32G471CET3, STM32G471CET6, STM32G471CEU3, STM32G471CEU6, STM32G471MCT6, STM32G471MET3, STM32G471MET6, STM32G471MEY6TR, STM32G471QCT6, STM32G471QET3, STM32G471RCT6, STM32G471RET3, STM32G471RET6, STM32G471VCH6, STM32G471VCI6, STM32G471VCT6, STM32G471VEH3, STM32G471VEH6, STM32G471VEI3, STM32G471VEI6, STM32G471VET3, STM32G471VET6, STM32G474CCT6, STM32H503CBT6, STM32H503CBU6, STM32H503EBY6TR, STM32H503KBU6, STM32H503RBT6, STM32H523CCT6, STM32H523CCU6, STM32H523CET6, STM32H523CEU6, STM32H523HEY6TR, STM32H523RCT6, STM32H523RET6, STM32H523VCI6, STM32H523VCT6, STM32H523VEI6, STM32H523VET6, STM32H523ZCJ6, STM32H523ZCT6, STM32H523ZEJ6, STM32H523ZET6, STM32H533CET6, STM32H533CEU6, STM32H533HEY6TR, STM32H533RET6, STM32H533VEI6, STM32H533VET6, STM32H533ZEJ6, STM32H533ZET6, STM32H562AGI6, STM32H562AII6, STM32H562IGK6, STM32H562IGT6, STM32H562IIK6, STM32H562IIT6, STM32H562RGT6, STM32H562RGV6, STM32H562RIT6, STM32H562RIV6, STM32H562VGT6, STM32H562VIT6, STM32H562ZGT6, STM32H562ZIT6, STM32H563AGI6, STM32H563AII3Q, STM32H563AII6, STM32H563IGK6, STM32H563IGT6, STM32H563IIK3Q, STM32H563IIK6, STM32H563IIT3Q, STM32H563IIT6, STM32H563MIY3QTR, STM32H563RGT6, STM32H563RGV6, STM32H563RIT6, STM32H563RIV6, STM32H563VGT6, STM32H563VIT3Q, STM32H563VIT6, STM32H563ZGT6, STM32H563ZIT3Q, STM32H563ZIT6, STM32H573AII3Q, STM32H573AII6, STM32H573I-DK, STM32H573IIK3Q, STM32H573IIK6, STM32H573IIT3Q, STM32H573IIT6, STM32H573MIY3QTR, STM32H573RIT6, STM32H573RIV6, STM32H573VIT3Q, STM32H573VIT6, STM32H573ZIT3Q, STM32H573ZIT6, STM32H7R3A8I6, STM32H7R3I8K6, STM32H7R3I8T6, STM32H7R3L8H6, STM32H7R3L8H6H, STM32H7R3R8V6, STM32H7R3V8H6, STM32H7R3V8T6, STM32H7R3V8Y6, STM32H7R3Z8J6, STM32H7R3Z8T6, STM32H7R7A8I6, STM32H7R7I8K6, STM32H7R7I8T6, STM32H7R7L8H6, STM32H7R7L8H6H, STM32H7R7Z8J6, STM32H7S3A8I6, STM32H7S3I8K6, STM32H7S3I8T6, STM32H7S3L8H6, STM32H7S3L8H6H, STM32H7S3R8V6, STM32H7S3V8H6, STM32H7S3V8T6, STM32H7S3V8Y6, STM32H7S3Z8J6, STM32H7S3Z8T6, STM32H7S78-DK, STM32H7S7A8I6, STM32H7S7I8K6, STM32H7S7I8T6, STM32H7S7L8H6, STM32H7S7L8H6H, STM32H7S7Z8J6, STM32L4R5QGI6STR, STM32MP131AAE3, STM32MP131AAF3, STM32MP131AAG3, STM32MP131CAE3, STM32MP131CAF3, STM32MP131CAG3, STM32MP131DAE7, STM32MP131DAF7, STM32MP131DAG7, STM32MP131FAE7, STM32MP131FAF7, STM32MP131FAG7, STM32MP133AAE3, STM32MP133AAF3, STM32MP133AAG3, STM32MP133CAE3, STM32MP133CAF3, STM32MP133CAG3, STM32MP133DAE7, STM32MP133DAF7, STM32MP133DAG7, STM32MP133FAE7, STM32MP133FAF7, STM32MP133FAG7, STM32MP135AAE3, STM32MP135AAF3, STM32MP135AAG3, STM32MP135CAE3, STM32MP135CAF3, STM32MP135CAG3, STM32MP135DAE7, STM32MP135DAF7, STM32MP135DAG7, STM32MP135F-DK, STM32MP135FAE7, STM32MP135FAF7, STM32MP135FAF7T, STM32MP135FAF7U, STM32MP135FAG7, STM32U031C6T6, STM32U031C6U6, STM32U031C8T6, STM32U031C8U6, STM32U031F4P6, STM32U031F6P6, STM32U031F8P6, STM32U031G6Y6TR, STM32U031G8Y6TR, STM32U031K4U6, STM32U031K6U6, STM32U031K8U6, STM32U031R6I6, STM32U031R6T6, STM32U031R8I6, STM32U031R8T6, STM32U073C8T6, STM32U073C8U6, STM32U073CBT6, STM32U073CBU6, STM32U073CCT6, STM32U073CCU6, STM32U073H8Y6TR, STM32U073HBY6TR, STM32U073HCY6TR, STM32U073K8U6, STM32U073KBU6, STM32U073KCU6, STM32U073M8I6, STM32U073M8T6, STM32U073MBI6, STM32U073MBT6, STM32U073MCI6, STM32U073MCT6, STM32U073R8I6, STM32U073R8T6, STM32U073RBI6, STM32U073RBT6, STM32U073RCI6, STM32U073RCT6, STM32U083C-DK, STM32U083CCT6, STM32U083CCU6, STM32U083HCY6TR, STM32U083KCU6, STM32U083MCI6, STM32U083MCT6, STM32U083RCI6, STM32U083RCT6, STM32U535CBT6, STM32U535CBT6Q, STM32U535CBU6, STM32U535CBU6Q, STM32U535CCT6, STM32U535CCT6Q, STM32U535CCU6, STM32U535CCU6Q, STM32U535CET6, STM32U535CET6Q, STM32U535CEU6, STM32U535CEU6Q, STM32U535JEY6QTR, STM32U535NCY6QTR, STM32U535NEY6QTR, STM32U535RBI6, STM32U535RBI6Q, STM32U535RBT6, STM32U535RBT6Q, STM32U535RCI6, STM32U535RCI6Q, STM32U535RCT6, STM32U535RCT6Q, STM32U535REI6, STM32U535REI6Q, STM32U535RET6, STM32U535RET6Q, STM32U535VCI6, STM32U535VCI6Q, STM32U535VCT6, STM32U535VCT6Q, STM32U535VEI6, STM32U535VEI6Q, STM32U535VET6, STM32U535VET6Q, STM32U545CET6, STM32U545CET6Q, STM32U545CEU6, STM32U545CEU6Q, STM32U545JEY6QTR, STM32U545NEY6QTR, STM32U545REI6, STM32U545REI6Q, STM32U545RET6, STM32U545RET6Q, STM32U545VEI6, STM32U545VEI6Q, STM32U545VET6, STM32U545VET6Q, STM32U595AIH6, STM32U595AIH6Q, STM32U595AJH6, STM32U595AJH6Q, STM32U595QII6, STM32U595QII6Q, STM32U595QJI6, STM32U595QJI6Q, STM32U595RIT6, STM32U595RIT6Q, STM32U595RJT6, STM32U595RJT6Q, STM32U595VIT6, STM32U595VIT6Q, STM32U595VJT6, STM32U595VJT6Q, STM32U595ZIT6, STM32U595ZIT6Q, STM32U595ZIY6QTR, STM32U595ZJT6, STM32U595ZJT6Q, STM32U595ZJY6QTR, STM32U599BJY6QTR, STM32U599NIH6Q, STM32U599NJH6Q, STM32U599VIT6Q, STM32U599VJT6, STM32U599VJT6Q, STM32U599ZIT6Q, STM32U599ZIY6QTR, STM32U599ZJT6Q, STM32U599ZJY6QTR, STM32U5A5AJH6, STM32U5A5AJH6Q, STM32U5A5QII3Q , STM32U5A5QJI6, STM32U5A5QJI6Q, STM32U5A5RJT6, STM32U5A5RJT6Q, STM32U5A5VJT6, STM32U5A5VJT6Q, STM32U5A5ZJT6, STM32U5A5ZJT6Q, STM32U5A5ZJY6QTR, STM32U5A9BJY6QTR, STM32U5A9J-DK, STM32U5A9NJH6Q, STM32U5A9VJT6Q, STM32U5A9ZJT6Q, STM32U5A9ZJY6QTR, STM32U5F7VIT6, STM32U5F7VIT6Q, STM32U5F7VJT6, STM32U5F7VJT6Q, STM32U5F9BJY6QTR, STM32U5F9NJH6Q, STM32U5F9VIT6Q, STM32U5F9VJT6Q, STM32U5F9ZIJ6QTR, STM32U5F9ZIT6Q, STM32U5F9ZJJ6QTR, STM32U5F9ZJT6Q, STM32U5G7VJT6, STM32U5G7VJT6Q, STM32U5G9BJY6QTR, STM32U5G9J-DK1, STM32U5G9J-DK2, STM32U5G9NJH6Q, STM32U5G9VJT6Q, STM32U5G9ZJJ6QTR, STM32U5G9ZJT6Q, STM32WB1MMCH6, STM32WBA50KEU6, STM32WBA50KEU6TR, STM32WBA50KGU6, STM32WBA50KGU6TR, STM32WBA52CEU6, STM32WBA52CEU6TR, STM32WBA52CEU7, STM32WBA52CEU7TR, STM32WBA52CGU6, STM32WBA52CGU6TR, STM32WBA52CGU6U, STM32WBA52CGU7, STM32WBA52CGU7TR, STM32WBA52KEU6, STM32WBA52KEU6TR, STM32WBA52KGU6, STM32WBA52KGU6TR, STM32WBA54CEU6, STM32WBA54CEU6TR, STM32WBA54CEU7, STM32WBA54CEU7TR, STM32WBA54CGU6, STM32WBA54CGU6TR, STM32WBA54CGU7, STM32WBA54CGU7TR, STM32WBA54KEU6, STM32WBA54KEU6TR, STM32WBA54KEU7, STM32WBA54KEU7TR, STM32WBA54KGU6, STM32WBA54KGU6TR, STM32WBA54KGU7, STM32WBA54KGU7TR, STM32WBA55CEU6, STM32WBA55CEU6TR, STM32WBA55CEU7, STM32WBA55CEU7TR, STM32WBA55CGU6, STM32WBA55CGU6TR, STM32WBA55CGU6U, STM32WBA55CGU7, STM32WBA55CGU7TR, STM32WBA55G-DK1, STM32WBA55HEF6, STM32WBA55HEF7, STM32WBA55HGF6, STM32WBA55HGF7, STM32WBA55UEI6, STM32WBA55UEI6TR, STM32WBA55UEI7, STM32WBA55UEI7TR, STM32WBA55UGI6, STM32WBA55UGI6TR, STM32WBA55UGI7, STM32WBA55UGI7TR, STM32WL5MOCH6, STM32WL5MOCH6TR]
2024-03-29 15:36:23,431 [INFO] DbMcus:218 - Found 4091 MCUs, 4091 are supported
2024-03-29 15:36:23,432 [INFO] ApiDb:423 - Load user favorites file /home/sunbeam/.stm32cubeide/favorites.mcus.txt: 0 item(s)
2024-03-29 15:36:23,432 [INFO] ApiDb:427 - User favorites MCUs=[]
2024-03-29 15:36:23,432 [INFO] DbMcus:224 - Set 0 / 0 favorites MCUs
2024-03-29 15:36:24,105 [INFO] ApiDb:423 - Load user favorites file /home/sunbeam/.stm32cubeide/favorites.boards.txt: 0 item(s)
2024-03-29 15:36:24,106 [INFO] ApiDb:427 - User favorites Boards=[]
2024-03-29 15:36:24,106 [INFO] DbBoards:198 - Set 0 / 0 favorites Boards
2024-03-29 15:36:24,106 [INFO] McuFinderGlobals:76 - Set McuFinderConnectedMode to true
2024-03-29 15:36:24,113 [INFO] MultiScanPanel:200 - Auto-refresh data requested => check proxy status ongoing
2024-03-29 15:36:24,114 [INFO] FinderPluginLoader:95 - Searching for filters in installed packs
2024-03-29 15:36:26,940 [INFO] LoadUrlFilesThread:185 - End of LoadServerUrlFiles without Thread
2024-03-29 15:36:26,962 [INFO] DetailPanel:341 - Set advertising image to /home/sunbeam/STM32Cube/Repository//en.prom-stm32wl3-mcu-finder.jpg
2024-03-29 15:36:32,847 [INFO] MultiScanPanel:200 - Auto-refresh data requested => check proxy status ongoing
2024-03-29 15:36:33,160 [INFO] LoadUrlFilesThread:185 - End of LoadServerUrlFiles without Thread
2024-03-29 15:36:33,160 [INFO] DetailPanel:341 - Set advertising image to /home/sunbeam/STM32Cube/Repository//en.prom-stm32wl3-mcu-finder.jpg
2024-03-29 15:36:33,206 [INFO] DbBoards:642 - Loading board mini-images...
2024-03-29 15:36:34,712 [ERROR] DbBoards:659 - Image file not found for board NUCLEO-H533RE: /home/sunbeam/.stmcufinder/plugins/mcufinder//mcu//boards_images/NUCLEO-H533RE.jpg
2024-03-29 15:36:35,313 [ERROR] DbBoards:659 - Image file not found for board NUCLEO-U031R8: /home/sunbeam/.stmcufinder/plugins/mcufinder//mcu//boards_images/NUCLEO-U031R8.jpg
2024-03-29 15:36:35,531 [ERROR] DbBoards:659 - Image file not found for board NUCLEO-WBA55CG: /home/sunbeam/.stmcufinder/plugins/mcufinder//mcu//boards_images/NUCLEO-WBA55CG.jpg
2024-03-29 15:36:36,922 [ERROR] DbBoards:659 - Image file not found for board STM32WBA55G-DK1: /home/sunbeam/.stmcufinder/plugins/mcufinder//mcu//boards_images/STM32WBA55G-DK1.jpg
2024-03-29 15:36:36,922 [INFO] DbBoards:665 - Loaded 195 board mini-images
2024-03-29 15:37:07,814 [INFO] BoardResultTable:719 - Mark Board STM32F407G-DISC1 as favorite
2024-03-29 15:37:22,512 [INFO] McuFinderGlobals:76 - Set McuFinderConnectedMode to true
2024-03-29 15:37:22,516 [INFO] ApiDb:448 - Save user favorites file /home/sunbeam/.stm32cubeide/favorites.mcus.txt: 0 item(s)
2024-03-29 15:37:22,516 [INFO] ApiDb:452 - User favorites MCUs=[]
2024-03-29 15:37:22,518 [INFO] ApiDb:448 - Save user favorites file /home/sunbeam/.stm32cubeide/favorites.boards.txt: 1 item(s)
2024-03-29 15:37:22,529 [INFO] ApiDb:452 - User favorites Boards=[STM32F407G-DISC1]
2024-03-29 17:40:35,622 [INFO] Activator:176 - 


2024-03-29 17:40:35,625 [INFO] Activator:177 - !SESSION log4j initialized
2024-03-29 17:40:38,486 [INFO] LogOutputStream:77 - [STDOUT_REDIRECT] 
2024-03-29 17:40:41,457 [INFO] ApplicationProperties:184 - Using Application install path: /home/sunbeam/st/stm32cubeide_1.15.0/plugins/com.st.stm32cube.common.mx_6.11.0.202403141607
2024-03-29 17:40:41,480 [INFO] DbMcusXml:78 - Set database path to: /home/sunbeam/st/stm32cubeide_1.15.0/plugins/com.st.stm32cube.common.mx_6.11.0.202403141607//db//mcu/
2024-03-29 17:40:41,480 [INFO] ApiDb:274 - Set plugin database path to: /home/sunbeam/st/stm32cubeide_1.15.0/plugins/com.st.stm32cube.common.mx_6.11.0.202403141607//db//plugins/boardmanager/
2024-03-29 17:40:41,481 [WARN] ApiDb:259 - Overriding images path with different value:  => /home/sunbeam/st/stm32cubeide_1.15.0/plugins/com.st.stm32cube.common.mx_6.11.0.202403141607//db//plugins/mcufinder/images/
2024-03-29 17:40:41,487 [INFO] ApiDb:250 - Set database path to: /home/sunbeam/.stmcufinder/plugins/mcufinder//mcu/
2024-03-29 17:40:41,488 [INFO] DbMcusAds:125 - Set database path to: /home/sunbeam/.stmcufinder/plugins/mcufinder//mcu/
2024-03-29 17:40:41,491 [INFO] CrossReferenceDbSqlite:203 - Set database path to: /home/sunbeam/.stmcufinder/plugins/mcufinder//mcu/cs/
2024-03-29 17:40:41,673 [INFO] RulesReader:64 - Compatibility file has been processed (297 Rules)
2024-03-29 17:40:41,762 [INFO] DbMcusXml:78 - Set database path to: /home/sunbeam/st/stm32cubeide_1.15.0/plugins/com.st.stm32cube.common.mx_6.11.0.202403141607//db//mcu/
2024-03-29 17:40:41,762 [INFO] ApiDb:274 - Set plugin database path to: /home/sunbeam/st/stm32cubeide_1.15.0/plugins/com.st.stm32cube.common.mx_6.11.0.202403141607//db//plugins/boardmanager/
2024-03-29 17:40:41,763 [INFO] ApiDb:261 - Set plugin images path to: /home/sunbeam/st/stm32cubeide_1.15.0/plugins/com.st.stm32cube.common.mx_6.11.0.202403141607//db//plugins/mcufinder/images/
2024-03-29 17:40:41,763 [WARN] DbFile:41 - Overriding database path with different value: /home/sunbeam/.stmcufinder/plugins/mcufinder/ => /home/sunbeam/.stmcufinder/plugins/mcufinder
2024-03-29 17:40:41,763 [INFO] ApiDb:250 - Set database path to: /home/sunbeam/.stmcufinder/plugins/mcufinder//mcu/
2024-03-29 17:40:41,764 [WARN] DbFile:41 - Overriding database path with different value: /home/sunbeam/.stmcufinder/plugins/mcufinder/ => /home/sunbeam/.stmcufinder/plugins/mcufinder
2024-03-29 17:40:41,764 [INFO] DbMcusAds:125 - Set database path to: /home/sunbeam/.stmcufinder/plugins/mcufinder//mcu/
2024-03-29 17:40:41,764 [WARN] DbFile:41 - Overriding database path with different value: /home/sunbeam/.stmcufinder/plugins/mcufinder/ => /home/sunbeam/.stmcufinder/plugins/mcufinder
2024-03-29 17:40:41,764 [WARN] DbFile:41 - Overriding database path with different value: /home/sunbeam/.stmcufinder/plugins/mcufinder/ => /home/sunbeam/.stmcufinder/plugins/mcufinder
2024-03-29 17:40:41,764 [INFO] CrossReferenceDbSqlite:203 - Set database path to: /home/sunbeam/.stmcufinder/plugins/mcufinder//mcu/cs/
2024-03-29 17:40:41,855 [INFO] MainPanel:264 - HeapMemory: 268435456
2024-03-29 17:40:41,973 [INFO] DbMcusXml:78 - Set database path to: /home/sunbeam/st/stm32cubeide_1.15.0/plugins/com.st.stm32cube.common.mx_6.11.0.202403141607//db//mcu/
2024-03-29 17:40:41,973 [INFO] ApiDb:274 - Set plugin database path to: /home/sunbeam/st/stm32cubeide_1.15.0/plugins/com.st.stm32cube.common.mx_6.11.0.202403141607//db//plugins/boardmanager/
2024-03-29 17:40:41,973 [INFO] ApiDb:261 - Set plugin images path to: /home/sunbeam/st/stm32cubeide_1.15.0/plugins/com.st.stm32cube.common.mx_6.11.0.202403141607//db//plugins/mcufinder/images/
2024-03-29 17:40:41,973 [WARN] DbFile:41 - Overriding database path with different value: /home/sunbeam/.stmcufinder/plugins/mcufinder/ => /home/sunbeam/.stmcufinder/plugins/mcufinder
2024-03-29 17:40:41,973 [INFO] ApiDb:250 - Set database path to: /home/sunbeam/.stmcufinder/plugins/mcufinder//mcu/
2024-03-29 17:40:41,974 [WARN] DbFile:41 - Overriding database path with different value: /home/sunbeam/.stmcufinder/plugins/mcufinder/ => /home/sunbeam/.stmcufinder/plugins/mcufinder
2024-03-29 17:40:41,974 [INFO] DbMcusAds:125 - Set database path to: /home/sunbeam/.stmcufinder/plugins/mcufinder//mcu/
2024-03-29 17:40:41,974 [WARN] DbFile:41 - Overriding database path with different value: /home/sunbeam/.stmcufinder/plugins/mcufinder/ => /home/sunbeam/.stmcufinder/plugins/mcufinder
2024-03-29 17:40:41,974 [WARN] DbFile:41 - Overriding database path with different value: /home/sunbeam/.stmcufinder/plugins/mcufinder/ => /home/sunbeam/.stmcufinder/plugins/mcufinder
2024-03-29 17:40:41,975 [INFO] CrossReferenceDbSqlite:203 - Set database path to: /home/sunbeam/.stmcufinder/plugins/mcufinder//mcu/cs/
2024-03-29 17:40:41,994 [INFO] ApplicationProperties:184 - Using Application install path: /home/sunbeam/st/stm32cubeide_1.15.0/plugins/com.st.stm32cube.common.mx_6.11.0.202403141607
2024-03-29 17:40:41,996 [INFO] PluginManage:196 - Search for loadable plugins [exclusion list=, ]
2024-03-29 17:40:41,997 [INFO] PluginManage:310 - Check plugin analytics
2024-03-29 17:40:42,216 [INFO] AnalyticsPlugin:253 - Accepted Software Licenses: 
2024-03-29 17:40:42,216 [INFO] AnalyticsPlugin:255 - Accepted CMSIS Pack Licenses: 
2024-03-29 17:40:42,217 [INFO] AnalyticsPlugin:257 - Accepted Firmware Licenses: 
2024-03-29 17:40:42,221 [INFO] PluginManage:359 - Loaded plugin analytics (category:tool,tabindex:-1)
2024-03-29 17:40:42,222 [INFO] PluginManage:310 - Check plugin cadmodel
2024-03-29 17:40:42,249 [INFO] CADModel:105 - Init CAD model plugin
2024-03-29 17:40:42,249 [INFO] PluginManage:359 - Loaded plugin cadmodel (category:power,tabindex:5)
2024-03-29 17:40:42,250 [INFO] PluginManage:310 - Check plugin clock
2024-03-29 17:40:42,261 [INFO] PluginManage:359 - Loaded plugin clock (category:base,tabindex:2)
2024-03-29 17:40:42,262 [INFO] PluginManage:310 - Check plugin ddr
2024-03-29 17:40:42,264 [INFO] PluginManage:359 - Loaded plugin ddr (category:tool,tabindex:6)
2024-03-29 17:40:42,265 [INFO] PluginManage:310 - Check plugin filemanager
2024-03-29 17:40:42,464 [INFO] PluginManage:359 - Loaded plugin filemanager (category:base,tabindex:10)
2024-03-29 17:40:42,465 [INFO] PluginManage:310 - Check plugin ipmanager
2024-03-29 17:40:42,472 [INFO] PluginManage:359 - Loaded plugin ipmanager (category:base,tabindex:5)
2024-03-29 17:40:42,472 [INFO] PluginManage:310 - Check plugin lpbam
2024-03-29 17:40:42,482 [INFO] PluginManage:359 - Loaded plugin lpbam (category:base,tabindex:0)
2024-03-29 17:40:42,482 [INFO] PluginManage:310 - Check plugin memorymap
2024-03-29 17:40:42,494 [INFO] PluginManage:359 - Loaded plugin memorymap (category:base,tabindex:4)
2024-03-29 17:40:42,495 [INFO] PluginManage:310 - Check plugin pinoutandconfiguration
2024-03-29 17:40:42,503 [INFO] PluginManage:359 - Loaded plugin pinoutandconfiguration (category:base,tabindex:1)
2024-03-29 17:40:42,504 [INFO] PluginManage:310 - Check plugin pinoutconfig
2024-03-29 17:40:42,635 [WARN] SupportedApi:132 - Cannot load RTOS API schema: s4s-elt-must-match.1: The content of 'definitions' must match (annotation?, (simpleType | complexType)?, (unique | key | keyref)*)). A problem was found starting at: attribute.
2024-03-29 17:40:42,835 [INFO] PluginManage:359 - Loaded plugin pinoutconfig (category:base,tabindex:0)
2024-03-29 17:40:42,835 [INFO] PluginManage:310 - Check plugin power
2024-03-29 17:40:42,847 [INFO] PluginManage:359 - Loaded plugin power (category:power,tabindex:4)
2024-03-29 17:40:42,848 [INFO] PluginManage:310 - Check plugin projectmanager
2024-03-29 17:40:42,871 [INFO] PluginManage:359 - Loaded plugin projectmanager (category:projectmanager,tabindex:3)
2024-03-29 17:40:42,872 [INFO] PluginManage:310 - Check plugin thirdparty
2024-03-29 17:40:43,020 [INFO] PluginManage:359 - Loaded plugin thirdparty (category:base,tabindex:-1)
2024-03-29 17:40:43,020 [INFO] PluginManage:310 - Check plugin tools
2024-03-29 17:40:43,022 [WARN] IntegrityCheckThread:84 - waiting for thirdparty lock release [integrity check]
2024-03-29 17:40:43,023 [INFO] IntegrityCheckThread:86 - entering critical section [integrity check]
2024-03-29 17:40:43,023 [INFO] PluginManage:359 - Loaded plugin tools (category:base,tabindex:7)
2024-03-29 17:40:43,023 [INFO] PluginManage:310 - Check plugin tutovideos
2024-03-29 17:40:43,023 [INFO] ThirdPartyUpdaterWithRetryManager:70 - Updater plugin not ready yet. [1/15]
2024-03-29 17:40:43,369 [INFO] PluginManage:359 - Loaded plugin tutovideos (category:base,tabindex:-1)
2024-03-29 17:40:43,369 [INFO] PluginManage:310 - Check plugin updater
2024-03-29 17:40:43,381 [INFO] PluginManage:359 - Loaded plugin updater (category:base,tabindex:12)
2024-03-29 17:40:43,382 [INFO] PluginManage:310 - Check plugin userauth
2024-03-29 17:40:43,388 [INFO] UserAuth:114 - Init User Auth plugin
2024-03-29 17:40:43,388 [INFO] PluginManage:359 - Loaded plugin userauth (category:base,tabindex:14)
2024-03-29 17:40:43,389 [INFO] PluginManage:283 - PluginManage : Loaded plugins [17]
2024-03-29 17:40:43,624 [INFO] PinOutPanel:1561 - setPackage(No Configuration,No Configuration)
2024-03-29 17:40:43,694 [INFO] CADModel:165 - CPN selected for project level
2024-03-29 17:40:43,694 [INFO] CADModel:114 - Register for checkConnection events
2024-03-29 17:40:43,703 [INFO] IPUIPlugin:80 - create IPUIPlugin
2024-03-29 17:40:43,703 [INFO] PluginManager:220 - loadIPPluginJar : add genericplugin
2024-03-29 17:40:43,704 [INFO] IPUIPlugin:80 - create IPUIPlugin
2024-03-29 17:40:43,704 [INFO] PluginManager:220 - loadIPPluginJar : add ltdc
2024-03-29 17:40:43,709 [INFO] IPUIPlugin:80 - create IPUIPlugin
2024-03-29 17:40:43,709 [INFO] PluginManager:220 - loadIPPluginJar : add usbx
2024-03-29 17:40:43,712 [INFO] IPUIPlugin:80 - create IPUIPlugin
2024-03-29 17:40:43,712 [INFO] PluginManager:220 - loadIPPluginJar : add openamp
2024-03-29 17:40:43,714 [INFO] IPUIPlugin:80 - create IPUIPlugin
2024-03-29 17:40:43,714 [INFO] PluginManager:220 - loadIPPluginJar : add ts
2024-03-29 17:40:43,716 [INFO] IPUIPlugin:80 - create IPUIPlugin
2024-03-29 17:40:43,717 [INFO] PluginManager:220 - loadIPPluginJar : add dma3
2024-03-29 17:40:43,719 [INFO] IPUIPlugin:80 - create IPUIPlugin
2024-03-29 17:40:43,719 [INFO] PluginManager:220 - loadIPPluginJar : add quadspi
2024-03-29 17:40:43,721 [INFO] IPUIPlugin:80 - create IPUIPlugin
2024-03-29 17:40:43,721 [INFO] PluginManager:220 - loadIPPluginJar : add pdm2pcm
2024-03-29 17:40:43,724 [INFO] IPUIPlugin:80 - create IPUIPlugin
2024-03-29 17:40:43,724 [INFO] PluginManager:220 - loadIPPluginJar : add sai
2024-03-29 17:40:43,726 [INFO] IPUIPlugin:80 - create IPUIPlugin
2024-03-29 17:40:43,726 [INFO] PluginManager:220 - loadIPPluginJar : add hash
2024-03-29 17:40:43,729 [INFO] IPUIPlugin:80 - create IPUIPlugin
2024-03-29 17:40:43,729 [INFO] PluginManager:220 - loadIPPluginJar : add i2s
2024-03-29 17:40:43,732 [INFO] IPUIPlugin:80 - create IPUIPlugin
2024-03-29 17:40:43,732 [INFO] PluginManager:220 - loadIPPluginJar : add touchsensing
2024-03-29 17:40:43,739 [INFO] IPUIPlugin:80 - create IPUIPlugin
2024-03-29 17:40:43,739 [INFO] PluginManager:220 - loadIPPluginJar : add adc
2024-03-29 17:40:43,741 [INFO] IPUIPlugin:80 - create IPUIPlugin
2024-03-29 17:40:43,741 [INFO] PluginManager:220 - loadIPPluginJar : add spi
2024-03-29 17:40:43,746 [INFO] IPUIPlugin:80 - create IPUIPlugin
2024-03-29 17:40:43,746 [INFO] PluginManager:220 - loadIPPluginJar : add gpio
2024-03-29 17:40:43,748 [INFO] IPUIPlugin:80 - create IPUIPlugin
2024-03-29 17:40:43,748 [INFO] PluginManager:220 - loadIPPluginJar : add gfxmmu
2024-03-29 17:40:43,754 [INFO] IPUIPlugin:80 - create IPUIPlugin
2024-03-29 17:40:43,754 [INFO] PluginManager:220 - loadIPPluginJar : add dma
2024-03-29 17:40:43,756 [INFO] IPUIPlugin:80 - create IPUIPlugin
2024-03-29 17:40:43,756 [INFO] PluginManager:220 - loadIPPluginJar : add can
2024-03-29 17:40:43,758 [INFO] IPUIPlugin:80 - create IPUIPlugin
2024-03-29 17:40:43,758 [INFO] PluginManager:220 - loadIPPluginJar : add ucpd
2024-03-29 17:40:43,760 [INFO] IPUIPlugin:80 - create IPUIPlugin
2024-03-29 17:40:43,760 [INFO] PluginManager:220 - loadIPPluginJar : add extmemmanager
2024-03-29 17:40:43,766 [INFO] IPUIPlugin:80 - create IPUIPlugin
2024-03-29 17:40:43,766 [INFO] PluginManager:220 - loadIPPluginJar : add linkedlist
2024-03-29 17:40:43,768 [INFO] IPUIPlugin:80 - create IPUIPlugin
2024-03-29 17:40:43,768 [INFO] PluginManager:220 - loadIPPluginJar : add tim
2024-03-29 17:40:43,772 [INFO] IPUIPlugin:80 - create IPUIPlugin
2024-03-29 17:40:43,772 [INFO] PluginManager:220 - loadIPPluginJar : add freertos
2024-03-29 17:40:43,774 [INFO] IPUIPlugin:80 - create IPUIPlugin
2024-03-29 17:40:43,774 [INFO] PluginManager:220 - loadIPPluginJar : add tsc
2024-03-29 17:40:43,775 [INFO] IPUIPlugin:80 - create IPUIPlugin
2024-03-29 17:40:43,776 [INFO] PluginManager:220 - loadIPPluginJar : add fatfs
2024-03-29 17:40:43,779 [INFO] IPUIPlugin:80 - create IPUIPlugin
2024-03-29 17:40:43,779 [INFO] PluginManager:220 - loadIPPluginJar : add nvic
2024-03-29 17:40:43,781 [INFO] IPUIPlugin:80 - create IPUIPlugin
2024-03-29 17:40:43,781 [INFO] PluginManager:220 - loadIPPluginJar : add i3c
2024-03-29 17:40:43,786 [INFO] IPUIPlugin:80 - create IPUIPlugin
2024-03-29 17:40:43,789 [INFO] PluginManager:220 - loadIPPluginJar : add plateformsettings
2024-03-29 17:40:43,791 [INFO] IPUIPlugin:80 - create IPUIPlugin
2024-03-29 17:40:43,791 [INFO] PluginManager:220 - loadIPPluginJar : add opamp
2024-03-29 17:40:43,794 [INFO] IPUIPlugin:80 - create IPUIPlugin
2024-03-29 17:40:43,794 [INFO] PluginManager:220 - loadIPPluginJar : add ipddr
2024-03-29 17:40:43,798 [INFO] IPUIPlugin:80 - create IPUIPlugin
2024-03-29 17:40:43,798 [INFO] PluginManager:220 - loadIPPluginJar : add stm32_wpan
2024-03-29 17:40:43,802 [INFO] IPUIPlugin:80 - create IPUIPlugin
2024-03-29 17:40:43,802 [INFO] PluginManager:220 - loadIPPluginJar : add gic
2024-03-29 17:40:43,804 [INFO] IPUIPlugin:80 - create IPUIPlugin
2024-03-29 17:40:43,805 [INFO] PluginManager:220 - loadIPPluginJar : add gtzc
2024-03-29 17:40:43,807 [INFO] IPUIPlugin:80 - create IPUIPlugin
2024-03-29 17:40:43,807 [INFO] PluginManager:220 - loadIPPluginJar : add usart
2024-03-29 17:40:43,809 [INFO] IPUIPlugin:80 - create IPUIPlugin
2024-03-29 17:40:43,809 [INFO] PluginManager:220 - loadIPPluginJar : add i2c
2024-03-29 17:40:43,814 [INFO] IPUIPlugin:80 - create IPUIPlugin
2024-03-29 17:40:43,814 [INFO] PluginManager:220 - loadIPPluginJar : add mdma
2024-03-29 17:40:43,816 [INFO] IPUIPlugin:80 - create IPUIPlugin
2024-03-29 17:40:43,816 [INFO] PluginManager:220 - loadIPPluginJar : add lorawan
2024-03-29 17:40:43,818 [INFO] IPUIPlugin:80 - create IPUIPlugin
2024-03-29 17:40:43,819 [INFO] PluginManager:220 - loadIPPluginJar : add dfsdm
2024-03-29 17:40:43,820 [INFO] IPUIPlugin:80 - create IPUIPlugin
2024-03-29 17:40:43,820 [INFO] PluginManager:220 - loadIPPluginJar : add comp
2024-03-29 17:40:43,823 [INFO] IPUIPlugin:80 - create IPUIPlugin
2024-03-29 17:40:43,823 [INFO] PluginManager:220 - loadIPPluginJar : add fmc
2024-03-29 17:40:43,825 [INFO] IPUIPlugin:80 - create IPUIPlugin
2024-03-29 17:40:43,825 [INFO] PluginManager:220 - loadIPPluginJar : add cryp
2024-03-29 17:40:43,827 [INFO] IPUIPlugin:80 - create IPUIPlugin
2024-03-29 17:40:43,827 [INFO] PluginManager:220 - loadIPPluginJar : add tracer_emb
2024-03-29 17:40:43,829 [INFO] IPUIPlugin:80 - create IPUIPlugin
2024-03-29 17:40:43,829 [INFO] PluginManager:220 - loadIPPluginJar : add aes
2024-03-29 17:40:43,831 [INFO] IPUIPlugin:80 - create IPUIPlugin
2024-03-29 17:40:43,831 [INFO] PluginManager:220 - loadIPPluginJar : add resmgrutility
2024-03-29 17:40:43,940 [INFO] CADModel:165 - CPN selected for project level
2024-03-29 17:40:43,940 [INFO] CADModel:114 - Register for checkConnection events
2024-03-29 17:40:43,941 [FATAL] Updater:308 - Updater called before beeing initialized
2024-03-29 17:40:43,941 [ERROR] CADModel:125 - Updater not yet initialized, retry later 
2024-03-29 17:40:44,131 [INFO] CADModel:165 - CPN selected for project level
2024-03-29 17:40:44,131 [INFO] CADModel:114 - Register for checkConnection events
2024-03-29 17:40:44,131 [FATAL] Updater:308 - Updater called before beeing initialized
2024-03-29 17:40:44,131 [ERROR] CADModel:125 - Updater not yet initialized, retry later 
2024-03-29 17:40:44,134 [FATAL] Updater:308 - Updater called before beeing initialized
2024-03-29 17:40:44,236 [FATAL] Updater:308 - Updater called before beeing initialized
2024-03-29 17:40:44,241 [INFO] DbMcusAds:53 - JSON generation date=Wed Nov 29 16:22:27 IST 2023 (1701255147349)
2024-03-29 17:40:44,242 [FATAL] Updater:308 - Updater called before beeing initialized
2024-03-29 17:40:44,283 [WARN] DetailPanel:346 - Failed to get advertising image, set to default
2024-03-29 17:40:44,431 [FATAL] Updater:308 - Updater called before beeing initialized
2024-03-29 17:40:44,433 [FATAL] Updater:308 - Updater called before beeing initialized
2024-03-29 17:40:44,433 [FATAL] Updater:308 - Updater called before beeing initialized
2024-03-29 17:40:44,433 [WARN] DetailPanel:346 - Failed to get advertising image, set to default
2024-03-29 17:40:44,434 [FATAL] Updater:308 - Updater called before beeing initialized
2024-03-29 17:40:44,491 [ERROR] Updater:1120 - MainUpdater not yet initialized. External WinMGr cannot be set.
2024-03-29 17:40:44,494 [INFO] Updater:1056 - Updater Version found : 6.11.0
2024-03-29 17:40:44,520 [INFO] ApplicationProperties:184 - Using Application install path: /home/sunbeam/st/stm32cubeide_1.15.0/plugins/com.st.stm32cube.common.mx_6.11.0.202403141607
2024-03-29 17:40:44,951 [INFO] MainUpdater:2873 - connection check result : 10
2024-03-29 17:40:44,952 [INFO] MainUpdater:290 - Updater Check For Update Now.
2024-03-29 17:40:44,952 [INFO] MicroXplorer:498 - Change Database Version : DB.6.0.110
2024-03-29 17:40:44,960 [INFO] McuFinderGlobals:63 - Set McuFinder mode to 2 (CubeIDE integrated)
2024-03-29 17:40:44,960 [INFO] UserAuth:179 - activating auth plugin
2024-03-29 17:40:44,982 [INFO] UserAuth:415 - Internet connection configuration mode: 1
2024-03-29 17:40:45,007 [INFO] JxBrowserEngine:152 - Initiate JxBrowser Engine with user profile folder
2024-03-29 17:40:45,246 [INFO] CheckServerUpdateThread:120 - End of CheckServer Thread
2024-03-29 17:40:45,891 [INFO] WebApp:161 - Instantiating new browser for Auth
2024-03-29 17:40:46,394 [WARN] PackLoader:240 - Cannot read IP mode file for STMicroelectronics.X-CUBE-SMBUS.2.1.0
2024-03-29 17:40:46,405 [WARN] PackLoader:240 - Cannot read IP mode file for STMicroelectronics.X-CUBE-TOUCHGFX.4.23.0
2024-03-29 17:40:46,523 [WARN] PackLoader:240 - Cannot read IP mode file for STMicroelectronics.X-CUBE-AZRTOS-F7.1.1.0
2024-03-29 17:40:46,567 [WARN] PackLoader:240 - Cannot read IP mode file for STMicroelectronics.FP-SNS-MOTENV1.4.3.2
2024-03-29 17:40:46,586 [WARN] PackLoader:240 - Cannot read IP mode file for STMicroelectronics.FP-SNS-FLIGHT1.5.0.2
2024-03-29 17:40:46,614 [WARN] PackLoader:240 - Cannot read IP mode file for STMicroelectronics.X-CUBE-DISPLAY.3.0.0
2024-03-29 17:40:46,635 [WARN] PackLoader:240 - Cannot read IP mode file for STMicroelectronics.X-CUBE-BLE1.7.0.0
2024-03-29 17:40:46,656 [WARN] PackLoader:240 - Cannot read IP mode file for STMicroelectronics.X-CUBE-BLEMGR.3.1.0
2024-03-29 17:40:46,673 [WARN] PackLoader:240 - Cannot read IP mode file for STMicroelectronics.FP-SNS-SMARTAG2.1.2.0
2024-03-29 17:40:46,710 [INFO] LogOutputStream:77 - [STDOUT_REDIRECT] 1 : Invalid condition id : UX_CORESTACK_Condition cause : null
2024-03-29 17:40:46,711 [INFO] LogOutputStream:77 - [STDOUT_REDIRECT] 1 : Invalid condition id : UX_CORESTACK_Condition cause : null
2024-03-29 17:40:46,712 [INFO] LogOutputStream:77 - [STDOUT_REDIRECT] 1 : Invalid condition id : UX_CORESTACK_Condition cause : null
2024-03-29 17:40:46,713 [INFO] LogOutputStream:77 - [STDOUT_REDIRECT] 1 : Invalid condition id : UX_CORESTACK_Condition cause : null
2024-03-29 17:40:46,714 [INFO] LogOutputStream:77 - [STDOUT_REDIRECT] 1 : Invalid condition id : UX_CORESTACK_Condition cause : null
2024-03-29 17:40:46,723 [WARN] PackLoader:240 - Cannot read IP mode file for STMicroelectronics.X-CUBE-AZRTOS-WL.2.0.0
2024-03-29 17:40:46,737 [WARN] PackLoader:240 - Cannot read IP mode file for STMicroelectronics.X-CUBE-BLE2.3.3.0
2024-03-29 17:40:46,748 [WARN] PackLoader:240 - Cannot read IP mode file for STMicroelectronics.X-CUBE-ALGOBUILD.1.3.0
2024-03-29 17:40:46,846 [WARN] PackLoader:240 - Cannot read IP mode file for STMicroelectronics.X-CUBE-AZRTOS-G0.1.1.0
2024-03-29 17:40:46,897 [WARN] PackLoader:240 - Cannot read IP mode file for STMicroelectronics.X-CUBE-NFC4.3.0.0
2024-03-29 17:40:46,908 [WARN] PackLoader:240 - Cannot read IP mode file for STMicroelectronics.FP-ATR-SIGFOX1.3.2.0
2024-03-29 17:40:46,918 [WARN] PackLoader:240 - Cannot read IP mode file for STMicroelectronics.X-CUBE-EEPRMA1.5.1.0
2024-03-29 17:40:47,064 [WARN] PackLoader:240 - Cannot read IP mode file for SEGGER.I-CUBE-embOS.1.3.1
2024-03-29 17:40:47,213 [WARN] PackLoader:240 - Cannot read IP mode file for STMicroelectronics.X-CUBE-GNSS1.6.0.0
2024-03-29 17:40:47,250 [WARN] PackLoader:240 - Cannot read IP mode file for STMicroelectronics.X-CUBE-AZRTOS-F4.1.1.0
2024-03-29 17:40:47,252 [INFO] WebApp:779 - Register for checkConnection events
2024-03-29 17:40:47,252 [INFO] WebApp:414 - Apply proxy settings
2024-03-29 17:40:47,253 [INFO] WebApp:499 - Chromium requires no authentication
2024-03-29 17:40:47,271 [WARN] PackLoader:240 - Cannot read IP mode file for wolfSSL.I-CUBE-wolfSSL.5.6.6
2024-03-29 17:40:47,275 [INFO] WebApp:442 - Direct internet connection detected
2024-03-29 17:40:47,341 [WARN] PackLoader:240 - Cannot read IP mode file for STMicroelectronics.X-CUBE-AZRTOS-L5.2.0.0
2024-03-29 17:40:47,364 [WARN] PackLoader:240 - Cannot read IP mode file for STMicroelectronics.X-CUBE-NFC6.3.1.0
2024-03-29 17:40:47,378 [WARN] PackLoader:240 - Cannot read IP mode file for STMicroelectronics.X-CUBE-NFC7.1.0.1
2024-03-29 17:40:47,385 [WARN] PackLoader:240 - Cannot read IP mode file for STMicroelectronics.X-CUBE-AI.8.1.0
2024-03-29 17:40:47,469 [WARN] ConditionMgr:438 - getConditionDescription Invalid condition id : LAN8742 Phy interface Condition cause : null
2024-03-29 17:40:47,470 [WARN] PackLoader:240 - Cannot read IP mode file for STMicroelectronics.X-CUBE-AZRTOS-L4.2.0.0
2024-03-29 17:40:47,473 [WARN] ConditionMgr:1039 - genDependencies : Invalid condition id : LAN8742 Phy interface Condition cause : null
2024-03-29 17:40:47,474 [WARN] ConditionMgr:1039 - genDependencies : Invalid condition id : LAN8742 Phy interface Condition cause : null
2024-03-29 17:40:47,483 [WARN] ConditionMgr:1039 - genDependencies : Invalid condition id : LAN8742 Phy interface Condition cause : null
2024-03-29 17:40:47,521 [WARN] PackLoader:240 - Cannot read IP mode file for STMicroelectronics.X-CUBE-SFXS2LP1.4.0.0
2024-03-29 17:40:47,558 [WARN] ConditionMgr:438 - getConditionDescription Invalid condition id : UX DEVICE CLASS RTOS Condition cause : null
2024-03-29 17:40:47,562 [WARN] ConditionMgr:438 - getConditionDescription Invalid condition id : UX DEVICE CLASS RTOS Condition cause : null
2024-03-29 17:40:47,571 [WARN] PackLoader:240 - Cannot read IP mode file for STMicroelectronics.X-CUBE-AZRTOS-WB.2.0.0
2024-03-29 17:40:47,572 [WARN] ConditionMgr:1039 - genDependencies : Invalid condition id : UX DEVICE CLASS RTOS Condition cause : null
2024-03-29 17:40:47,572 [WARN] ConditionMgr:1039 - genDependencies : Invalid condition id : UX DEVICE CLASS RTOS Condition cause : null
2024-03-29 17:40:47,576 [WARN] ConditionMgr:1039 - genDependencies : Invalid condition id : UX DEVICE CLASS RTOS Condition cause : null
2024-03-29 17:40:47,576 [WARN] ConditionMgr:1039 - genDependencies : Invalid condition id : UX DEVICE CLASS RTOS Condition cause : null
2024-03-29 17:40:47,576 [WARN] ConditionMgr:1039 - genDependencies : Invalid condition id : UX DEVICE CLASS RTOS Condition cause : null
2024-03-29 17:40:47,615 [WARN] PackLoader:240 - Cannot read IP mode file for STMicroelectronics.X-CUBE-SUBG2.5.0.0
2024-03-29 17:40:47,653 [WARN] PackLoader:240 - Cannot read IP mode file for STMicroelectronics.X-CUBE-AZRTOS-G4.2.0.0
2024-03-29 17:40:47,688 [WARN] PackLoader:240 - Cannot read IP mode file for Infineon.AIROC-Wi-Fi-Bluetooth-STM32.1.5.1
2024-03-29 17:40:47,731 [WARN] PackLoader:240 - Cannot read IP mode file for STMicroelectronics.FP-SNS-MOTENVWB1.1.3.1
2024-03-29 17:40:47,739 [WARN] PackLoader:240 - Cannot read IP mode file for STMicroelectronics.X-CUBE-ISPU.2.0.0
2024-03-29 17:40:47,877 [INFO] WebApp:192 - Starting web application
2024-03-29 17:40:47,877 [INFO] WebApp:544 - Web application path used /home/sunbeam/st/stm32cubeide_1.15.0/plugins/com.st.stm32cube.common.mx_6.11.0.202403141607/db/plugins/mcufinder/reactClient1/index.html
2024-03-29 17:40:47,885 [WARN] PackLoader:240 - Cannot read IP mode file for STMicroelectronics.X-CUBE-MEMS1.10.0.0
2024-03-29 17:40:48,192 [WARN] PackLoader:240 - Cannot read IP mode file for STMicroelectronics.X-CUBE-FREERTOS.1.1.0
2024-03-29 17:40:48,196 [WARN] PackLoader:240 - Cannot read IP mode file for STMicroelectronics.X-CUBE-ALS.1.0.1
2024-03-29 17:40:48,201 [WARN] PackLoader:240 - Cannot read IP mode file for STMicroelectronics.FP-ATR-ASTRA1.2.0.0
2024-03-29 17:40:48,223 [WARN] PackLoader:240 - Cannot read IP mode file for STMicroelectronics.X-CUBE-TOF1.3.4.1
2024-03-29 17:40:48,290 [WARN] PackLoader:240 - Cannot read IP mode file for STMicroelectronics.X-CUBE-AZRTOS-H7.3.2.0
2024-03-29 17:40:48,298 [INFO] ThirdParty:978 - Integrity check success = true
2024-03-29 17:40:48,298 [INFO] IntegrityCheckThread:100 - exiting critical section [integrity check]
2024-03-29 17:40:48,298 [INFO] IntegrityCheckThread:103 - End integrity checks thread
